Perform shuffle on the dataset
Namespace(device='cuda:0', data='data//TDrive_i', adjdata='data/PEMS08/adj_PEMS08.pkl', adjtype='doubletransition', num_nodes=1024, channels=64, batch_size=16, learning_rate=0.001, dropout=0.3, weight_decay=0.0001, epochs=500, print_every=200, save='./logs/2024-10-23-09:46:21-', expid=1, es_patience=100)
Ranger optimizer loaded. 
Gradient Centralization usage = True
GC applied to both conv and fc layers
STAT(
  (start_conv): Conv2d(3, 64, kernel_size=(1, 1), stride=(1, 1))
  (Temb): TemporalEmbedding()
  (tree): IDGCN_Tree(
    (IDGCN): IDGCN(
      (split): Splitting()
      (conv1): Sequential(
        (0): ReplicationPad2d((3, 3, 0, 0))
        (1): Conv2d(128, 128, kernel_size=(1, 5), stride=(1, 1))
        (2): LeakyReLU(negative_slope=0.01, inplace=True)
        (3): Dropout(p=0.3, inplace=False)
        (4): Conv2d(128, 128, kernel_size=(1, 3), stride=(1, 1))
        (5): Tanh()
      )
      (conv2): Sequential(
        (0): ReplicationPad2d((3, 3, 0, 0))
        (1): Conv2d(128, 128, kernel_size=(1, 5), stride=(1, 1))
        (2): LeakyReLU(negative_slope=0.01, inplace=True)
        (3): Dropout(p=0.3, inplace=False)
        (4): Conv2d(128, 128, kernel_size=(1, 3), stride=(1, 1))
        (5): Tanh()
      )
      (conv3): Sequential(
        (0): ReplicationPad2d((3, 3, 0, 0))
        (1): Conv2d(128, 128, kernel_size=(1, 5), stride=(1, 1))
        (2): LeakyReLU(negative_slope=0.01, inplace=True)
        (3): Dropout(p=0.3, inplace=False)
        (4): Conv2d(128, 128, kernel_size=(1, 3), stride=(1, 1))
        (5): Tanh()
      )
      (conv4): Sequential(
        (0): ReplicationPad2d((3, 3, 0, 0))
        (1): Conv2d(128, 128, kernel_size=(1, 5), stride=(1, 1))
        (2): LeakyReLU(negative_slope=0.01, inplace=True)
        (3): Dropout(p=0.3, inplace=False)
        (4): Conv2d(128, 128, kernel_size=(1, 3), stride=(1, 1))
        (5): Tanh()
      )
      (dgcn): DGCN(
        (conv): Conv2d(128, 128, kernel_size=(1, 1), stride=(1, 1))
        (generator): Graph_Generator(
          (fc): Linear(in_features=2, out_features=1, bias=True)
        )
        (gcn): Diffusion_GCN(
          (conv): Conv2d(128, 128, kernel_size=(1, 1), stride=(1, 1))
          (dropout): Dropout(p=0.3, inplace=False)
        )
      )
    )
  )
  (glu): GLU(
    (conv1): Conv2d(128, 128, kernel_size=(1, 1), stride=(1, 1))
    (conv2): Conv2d(128, 128, kernel_size=(1, 1), stride=(1, 1))
    (conv3): Conv2d(128, 128, kernel_size=(1, 1), stride=(1, 1))
    (dropout): Dropout(p=0.1, inplace=False)
  )
  (regression_layer): Conv2d(128, 1, kernel_size=(1, 6), stride=(1, 1))
)
start training...
/home/user/Desktop/lay/STIDGCN-main/ranger21.py:131: UserWarning: This overload of addcmul_ is deprecated:
	addcmul_(Number value, Tensor tensor1, Tensor tensor2)
Consider using one of the following signatures instead:
	addcmul_(Tensor tensor1, Tensor tensor2, *, Number value = 1) (Triggered internally at ../torch/csrc/utils/python_arg_parser.cpp:1581.)
  exp_avg_sq.mul_(beta2).addcmul_(1 - beta2, grad, grad)
Iter: 000, Train Loss: 188.4892, Train RMSE: 293.6712, Train MAPE: 2.7771
Epoch: 001, Training Time: 166.9761 secs
Epoch: 001, Inference Time: 9.3480 secs
Epoch: 001, Train Loss: 85.3269, Train MAPE: 141.7281, Train RMSE: 0.9568
Epoch: 001, Valid Loss: 37.4516, Valid MAPE: 69.3132, Valid RMSE: 0.3299
###Update tasks appear###
Updating! Valid Loss: 37.4515554179316, epoch:  1
Iter: 000, Train Loss: 35.3352, Train RMSE: 67.2977, Train MAPE: 0.3123
Epoch: 002, Training Time: 169.2821 secs
Epoch: 002, Inference Time: 9.3628 secs
Epoch: 002, Train Loss: 33.9905, Train MAPE: 59.8429, Train RMSE: 0.3482
Epoch: 002, Valid Loss: 30.8069, Valid MAPE: 53.7672, Valid RMSE: 0.2899
###Update tasks appear###
Updating! Valid Loss: 30.806864697000254, epoch:  2
Iter: 000, Train Loss: 28.5508, Train RMSE: 45.7920, Train MAPE: 0.3125
Epoch: 003, Training Time: 169.3427 secs
Epoch: 003, Inference Time: 8.6226 secs
Epoch: 003, Train Loss: 29.7116, Train MAPE: 52.8928, Train RMSE: 0.2722
Epoch: 003, Valid Loss: 27.2307, Valid MAPE: 49.3217, Valid RMSE: 0.2168
###Update tasks appear###
Updating! Valid Loss: 27.230672007021695, epoch:  3
Iter: 000, Train Loss: 27.7142, Train RMSE: 48.2310, Train MAPE: 0.2405
Epoch: 004, Training Time: 169.1858 secs
Epoch: 004, Inference Time: 9.2433 secs
Epoch: 004, Train Loss: 28.2160, Train MAPE: 50.3042, Train RMSE: 0.2502
Epoch: 004, Valid Loss: 27.0967, Valid MAPE: 48.7180, Valid RMSE: 0.2151
###Update tasks appear###
Updating! Valid Loss: 27.096680019212805, epoch:  4
Iter: 000, Train Loss: 28.9213, Train RMSE: 47.6102, Train MAPE: 0.2175
Epoch: 005, Training Time: 169.6102 secs
Epoch: 005, Inference Time: 9.3321 secs
Epoch: 005, Train Loss: 27.6470, Train MAPE: 49.0213, Train RMSE: 0.2439
Epoch: 005, Valid Loss: 28.4764, Valid MAPE: 51.3807, Valid RMSE: 0.2387
No update
Iter: 000, Train Loss: 28.9391, Train RMSE: 51.9552, Train MAPE: 0.2544
Epoch: 006, Training Time: 169.0941 secs
Epoch: 006, Inference Time: 9.3505 secs
Epoch: 006, Train Loss: 26.9197, Train MAPE: 47.2283, Train RMSE: 0.2394
Epoch: 006, Valid Loss: 25.0187, Valid MAPE: 45.0173, Valid RMSE: 0.1895
###Update tasks appear###
Updating! Valid Loss: 25.018653869628906, epoch:  6
Iter: 000, Train Loss: 20.0802, Train RMSE: 35.8726, Train MAPE: 0.2198
Epoch: 007, Training Time: 169.3366 secs
Epoch: 007, Inference Time: 9.1810 secs
Epoch: 007, Train Loss: 26.7510, Train MAPE: 46.4601, Train RMSE: 0.2388
Epoch: 007, Valid Loss: 28.3185, Valid MAPE: 47.1101, Valid RMSE: 0.2903
No update
Iter: 000, Train Loss: 27.1343, Train RMSE: 45.7698, Train MAPE: 0.3006
Epoch: 008, Training Time: 168.9424 secs
Epoch: 008, Inference Time: 9.3507 secs
Epoch: 008, Train Loss: 26.0065, Train MAPE: 45.0769, Train RMSE: 0.2307
Epoch: 008, Valid Loss: 25.9970, Valid MAPE: 44.4579, Valid RMSE: 0.2133
No update
Iter: 000, Train Loss: 23.3254, Train RMSE: 41.1751, Train MAPE: 0.2223
Epoch: 009, Training Time: 169.7351 secs
Epoch: 009, Inference Time: 9.3653 secs
Epoch: 009, Train Loss: 25.8790, Train MAPE: 44.7817, Train RMSE: 0.2282
Epoch: 009, Valid Loss: 25.0014, Valid MAPE: 43.4863, Valid RMSE: 0.1971
###Update tasks appear###
Updating! Valid Loss: 25.001354632170305, epoch:  9
Iter: 000, Train Loss: 27.8966, Train RMSE: 46.9911, Train MAPE: 0.1948
Epoch: 010, Training Time: 168.8146 secs
Epoch: 010, Inference Time: 9.3760 secs
Epoch: 010, Train Loss: 26.0483, Train MAPE: 44.4999, Train RMSE: 0.2377
Epoch: 010, Valid Loss: 25.1508, Valid MAPE: 43.7907, Valid RMSE: 0.2015
No update
Iter: 000, Train Loss: 25.3750, Train RMSE: 46.6216, Train MAPE: 0.1898
Epoch: 011, Training Time: 169.3236 secs
Epoch: 011, Inference Time: 9.3640 secs
Epoch: 011, Train Loss: 25.6177, Train MAPE: 44.3972, Train RMSE: 0.2213
Epoch: 011, Valid Loss: 24.3609, Valid MAPE: 42.2933, Valid RMSE: 0.2006
###Update tasks appear###
Updating! Valid Loss: 24.360853029334027, epoch:  11
Iter: 000, Train Loss: 32.7268, Train RMSE: 68.2869, Train MAPE: 0.2375
Epoch: 012, Training Time: 170.0074 secs
Epoch: 012, Inference Time: 9.3442 secs
Epoch: 012, Train Loss: 25.5071, Train MAPE: 43.7076, Train RMSE: 0.2301
Epoch: 012, Valid Loss: 24.0890, Valid MAPE: 42.1905, Valid RMSE: 0.1857
###Update tasks appear###
Updating! Valid Loss: 24.088992492012355, epoch:  12
Iter: 000, Train Loss: 22.5879, Train RMSE: 38.2541, Train MAPE: 0.1780
Epoch: 013, Training Time: 168.3424 secs
Epoch: 013, Inference Time: 9.3237 secs
Epoch: 013, Train Loss: 25.2788, Train MAPE: 43.5541, Train RMSE: 0.2183
Epoch: 013, Valid Loss: 25.2407, Valid MAPE: 42.3916, Valid RMSE: 0.2331
No update
Iter: 000, Train Loss: 22.7985, Train RMSE: 36.8082, Train MAPE: 0.2599
Epoch: 014, Training Time: 169.1303 secs
Epoch: 014, Inference Time: 8.9034 secs
Epoch: 014, Train Loss: 24.8048, Train MAPE: 42.6556, Train RMSE: 0.2154
Epoch: 014, Valid Loss: 25.2977, Valid MAPE: 43.3483, Valid RMSE: 0.2047
No update
Iter: 000, Train Loss: 23.6811, Train RMSE: 40.6362, Train MAPE: 0.1950
Epoch: 015, Training Time: 168.4525 secs
Epoch: 015, Inference Time: 8.7347 secs
Epoch: 015, Train Loss: 24.8257, Train MAPE: 42.7054, Train RMSE: 0.2164
Epoch: 015, Valid Loss: 23.7440, Valid MAPE: 40.6825, Valid RMSE: 0.2006
###Update tasks appear###
Updating! Valid Loss: 23.744024110876996, epoch:  15
Iter: 000, Train Loss: 24.1837, Train RMSE: 41.2441, Train MAPE: 0.1828
Epoch: 016, Training Time: 169.3666 secs
Epoch: 016, Inference Time: 9.3764 secs
Epoch: 016, Train Loss: 24.5089, Train MAPE: 42.1564, Train RMSE: 0.2093
Epoch: 016, Valid Loss: 24.0531, Valid MAPE: 40.5542, Valid RMSE: 0.2157
No update
Iter: 000, Train Loss: 22.4468, Train RMSE: 38.9100, Train MAPE: 0.2180
Epoch: 017, Training Time: 168.8890 secs
Epoch: 017, Inference Time: 9.3818 secs
Epoch: 017, Train Loss: 24.3908, Train MAPE: 42.0324, Train RMSE: 0.2075
Epoch: 017, Valid Loss: 24.3581, Valid MAPE: 41.2541, Valid RMSE: 0.1923
No update
Iter: 000, Train Loss: 27.1422, Train RMSE: 44.8108, Train MAPE: 0.1957
Epoch: 018, Training Time: 169.4507 secs
Epoch: 018, Inference Time: 9.3414 secs
Epoch: 018, Train Loss: 24.1397, Train MAPE: 41.4749, Train RMSE: 0.2054
Epoch: 018, Valid Loss: 23.5075, Valid MAPE: 39.9396, Valid RMSE: 0.1857
###Update tasks appear###
Updating! Valid Loss: 23.507499363111414, epoch:  18
Iter: 000, Train Loss: 27.6462, Train RMSE: 47.0807, Train MAPE: 0.2236
Epoch: 019, Training Time: 169.2828 secs
Epoch: 019, Inference Time: 9.0042 secs
Epoch: 019, Train Loss: 23.8509, Train MAPE: 40.8334, Train RMSE: 0.2041
Epoch: 019, Valid Loss: 23.6334, Valid MAPE: 39.9657, Valid RMSE: 0.1871
No update
Iter: 000, Train Loss: 25.1110, Train RMSE: 40.5770, Train MAPE: 0.1942
Epoch: 020, Training Time: 169.5269 secs
Epoch: 020, Inference Time: 8.8579 secs
Epoch: 020, Train Loss: 23.7004, Train MAPE: 40.3765, Train RMSE: 0.2049
Epoch: 020, Valid Loss: 24.0774, Valid MAPE: 40.5811, Valid RMSE: 0.2076
No update
Iter: 000, Train Loss: 22.4322, Train RMSE: 37.8647, Train MAPE: 0.1940
Epoch: 021, Training Time: 169.1101 secs
Epoch: 021, Inference Time: 9.4160 secs
Epoch: 021, Train Loss: 23.7218, Train MAPE: 40.4219, Train RMSE: 0.2060
Epoch: 021, Valid Loss: 22.7212, Valid MAPE: 38.7978, Valid RMSE: 0.1773
###Update tasks appear###
Updating! Valid Loss: 22.721245641293734, epoch:  21
Iter: 000, Train Loss: 21.0705, Train RMSE: 35.3389, Train MAPE: 0.1543
Epoch: 022, Training Time: 169.1526 secs
Epoch: 022, Inference Time: 9.3239 secs
Epoch: 022, Train Loss: 23.8107, Train MAPE: 40.5534, Train RMSE: 0.2083
Epoch: 022, Valid Loss: 23.0379, Valid MAPE: 38.2073, Valid RMSE: 0.1998
No update
Iter: 000, Train Loss: 22.8722, Train RMSE: 37.7381, Train MAPE: 0.2174
Epoch: 023, Training Time: 168.4015 secs
Epoch: 023, Inference Time: 9.3500 secs
Epoch: 023, Train Loss: 23.1040, Train MAPE: 39.3435, Train RMSE: 0.1984
Epoch: 023, Valid Loss: 22.2739, Valid MAPE: 37.7359, Valid RMSE: 0.1768
###Update tasks appear###
Updating! Valid Loss: 22.273887717205547, epoch:  23
Iter: 000, Train Loss: 21.7372, Train RMSE: 35.2469, Train MAPE: 0.1669
Epoch: 024, Training Time: 168.8180 secs
Epoch: 024, Inference Time: 9.3401 secs
Epoch: 024, Train Loss: 22.9054, Train MAPE: 39.0277, Train RMSE: 0.1962
Epoch: 024, Valid Loss: 22.2725, Valid MAPE: 37.5425, Valid RMSE: 0.1873
###Update tasks appear###
Updating! Valid Loss: 22.272480840268344, epoch:  24
Iter: 000, Train Loss: 21.6506, Train RMSE: 38.4939, Train MAPE: 0.1939
Epoch: 025, Training Time: 168.8340 secs
Epoch: 025, Inference Time: 9.3682 secs
Epoch: 025, Train Loss: 22.7559, Train MAPE: 38.4909, Train RMSE: 0.1979
Epoch: 025, Valid Loss: 21.9548, Valid MAPE: 37.0666, Valid RMSE: 0.1740
###Update tasks appear###
Updating! Valid Loss: 21.95483274045198, epoch:  25
Iter: 000, Train Loss: 22.0411, Train RMSE: 35.5842, Train MAPE: 0.1717
Epoch: 026, Training Time: 168.8782 secs
Epoch: 026, Inference Time: 9.3384 secs
Epoch: 026, Train Loss: 22.4205, Train MAPE: 37.9505, Train RMSE: 0.1940
Epoch: 026, Valid Loss: 23.6537, Valid MAPE: 39.3810, Valid RMSE: 0.1969
No update
Iter: 000, Train Loss: 23.2259, Train RMSE: 38.3646, Train MAPE: 0.2339
Epoch: 027, Training Time: 169.4705 secs
Epoch: 027, Inference Time: 9.3493 secs
Epoch: 027, Train Loss: 22.2689, Train MAPE: 37.7052, Train RMSE: 0.1937
Epoch: 027, Valid Loss: 21.1578, Valid MAPE: 35.6315, Valid RMSE: 0.1745
###Update tasks appear###
Updating! Valid Loss: 21.15775207851244, epoch:  27
Iter: 000, Train Loss: 21.0053, Train RMSE: 35.7198, Train MAPE: 0.1914
Epoch: 028, Training Time: 168.9916 secs
Epoch: 028, Inference Time: 9.3267 secs
Epoch: 028, Train Loss: 22.2151, Train MAPE: 37.4375, Train RMSE: 0.1964
Epoch: 028, Valid Loss: 21.3954, Valid MAPE: 35.8887, Valid RMSE: 0.1909
No update
Iter: 000, Train Loss: 26.0737, Train RMSE: 45.7242, Train MAPE: 0.2041
Epoch: 029, Training Time: 168.8945 secs
Epoch: 029, Inference Time: 8.8950 secs
Epoch: 029, Train Loss: 21.9931, Train MAPE: 37.1001, Train RMSE: 0.1933
Epoch: 029, Valid Loss: 21.0458, Valid MAPE: 35.1271, Valid RMSE: 0.1791
###Update tasks appear###
Updating! Valid Loss: 21.045824382616125, epoch:  29
Iter: 000, Train Loss: 21.1626, Train RMSE: 35.0044, Train MAPE: 0.1988
Epoch: 030, Training Time: 168.6375 secs
Epoch: 030, Inference Time: 8.7667 secs
Epoch: 030, Train Loss: 21.8322, Train MAPE: 36.8244, Train RMSE: 0.1907
Epoch: 030, Valid Loss: 20.9246, Valid MAPE: 34.8884, Valid RMSE: 0.1693
###Update tasks appear###
Updating! Valid Loss: 20.924627801646356, epoch:  30
Iter: 000, Train Loss: 19.8809, Train RMSE: 33.5893, Train MAPE: 0.1598
Epoch: 031, Training Time: 169.0687 secs
Epoch: 031, Inference Time: 9.2755 secs
Epoch: 031, Train Loss: 21.6157, Train MAPE: 36.3900, Train RMSE: 0.1890
Epoch: 031, Valid Loss: 20.6273, Valid MAPE: 34.5167, Valid RMSE: 0.1735
###Update tasks appear###
Updating! Valid Loss: 20.627303164938223, epoch:  31
Iter: 000, Train Loss: 20.6280, Train RMSE: 33.9404, Train MAPE: 0.1843
Epoch: 032, Training Time: 169.1563 secs
Epoch: 032, Inference Time: 9.3125 secs
Epoch: 032, Train Loss: 21.3830, Train MAPE: 35.8354, Train RMSE: 0.1885
Epoch: 032, Valid Loss: 20.4026, Valid MAPE: 33.8821, Valid RMSE: 0.1678
###Update tasks appear###
Updating! Valid Loss: 20.40255115343177, epoch:  32
Iter: 000, Train Loss: 20.9198, Train RMSE: 34.8017, Train MAPE: 0.1809
Epoch: 033, Training Time: 168.5078 secs
Epoch: 033, Inference Time: 9.3509 secs
Epoch: 033, Train Loss: 21.1306, Train MAPE: 35.4505, Train RMSE: 0.1865
Epoch: 033, Valid Loss: 19.9385, Valid MAPE: 33.2163, Valid RMSE: 0.1657
###Update tasks appear###
Updating! Valid Loss: 19.938532207323156, epoch:  33
Iter: 000, Train Loss: 19.6248, Train RMSE: 32.6779, Train MAPE: 0.1694
Epoch: 034, Training Time: 169.5149 secs
Epoch: 034, Inference Time: 9.3504 secs
Epoch: 034, Train Loss: 21.1928, Train MAPE: 35.6098, Train RMSE: 0.1852
Epoch: 034, Valid Loss: 20.7225, Valid MAPE: 34.7703, Valid RMSE: 0.1659
No update
Iter: 000, Train Loss: 21.2849, Train RMSE: 35.4755, Train MAPE: 0.1644
Epoch: 035, Training Time: 168.7314 secs
Epoch: 035, Inference Time: 9.3576 secs
Epoch: 035, Train Loss: 21.1688, Train MAPE: 35.5102, Train RMSE: 0.1858
Epoch: 035, Valid Loss: 21.4491, Valid MAPE: 35.0413, Valid RMSE: 0.2204
No update
Iter: 000, Train Loss: 19.5559, Train RMSE: 32.1648, Train MAPE: 0.2263
Epoch: 036, Training Time: 169.1216 secs
Epoch: 036, Inference Time: 8.5455 secs
Epoch: 036, Train Loss: 20.9426, Train MAPE: 35.1216, Train RMSE: 0.1849
Epoch: 036, Valid Loss: 20.1403, Valid MAPE: 34.1575, Valid RMSE: 0.1715
No update
Iter: 000, Train Loss: 19.8713, Train RMSE: 32.1525, Train MAPE: 0.1837
Epoch: 037, Training Time: 169.0527 secs
Epoch: 037, Inference Time: 9.3948 secs
Epoch: 037, Train Loss: 20.8271, Train MAPE: 35.0767, Train RMSE: 0.1827
Epoch: 037, Valid Loss: 20.6891, Valid MAPE: 34.9009, Valid RMSE: 0.1699
No update
Iter: 000, Train Loss: 17.2749, Train RMSE: 28.8170, Train MAPE: 0.1842
Epoch: 038, Training Time: 168.5925 secs
Epoch: 038, Inference Time: 9.0795 secs
Epoch: 038, Train Loss: 20.5547, Train MAPE: 34.5236, Train RMSE: 0.1814
Epoch: 038, Valid Loss: 20.1984, Valid MAPE: 33.3975, Valid RMSE: 0.1645
No update
Iter: 000, Train Loss: 21.7064, Train RMSE: 35.8045, Train MAPE: 0.1842
Epoch: 039, Training Time: 169.3229 secs
Epoch: 039, Inference Time: 9.3137 secs
Epoch: 039, Train Loss: 20.5018, Train MAPE: 34.3564, Train RMSE: 0.1815
Epoch: 039, Valid Loss: 19.5470, Valid MAPE: 32.3582, Valid RMSE: 0.1725
###Update tasks appear###
Updating! Valid Loss: 19.54704881751019, epoch:  39
Iter: 000, Train Loss: 19.0154, Train RMSE: 31.9933, Train MAPE: 0.1863
Epoch: 040, Training Time: 169.4593 secs
Epoch: 040, Inference Time: 9.3885 secs
Epoch: 040, Train Loss: 20.3657, Train MAPE: 34.1087, Train RMSE: 0.1802
Epoch: 040, Valid Loss: 19.0072, Valid MAPE: 31.5032, Valid RMSE: 0.1599
###Update tasks appear###
Updating! Valid Loss: 19.007222714631453, epoch:  40
Iter: 000, Train Loss: 21.7147, Train RMSE: 37.4041, Train MAPE: 0.1740
Epoch: 041, Training Time: 169.2960 secs
Epoch: 041, Inference Time: 9.3375 secs
Epoch: 041, Train Loss: 20.3561, Train MAPE: 34.0998, Train RMSE: 0.1786
Epoch: 041, Valid Loss: 18.9965, Valid MAPE: 31.5297, Valid RMSE: 0.1647
###Update tasks appear###
Updating! Valid Loss: 18.99646468784498, epoch:  41
Iter: 000, Train Loss: 17.1788, Train RMSE: 28.0202, Train MAPE: 0.1744
Epoch: 042, Training Time: 168.7040 secs
Epoch: 042, Inference Time: 9.3565 secs
Epoch: 042, Train Loss: 20.0652, Train MAPE: 33.6429, Train RMSE: 0.1769
Epoch: 042, Valid Loss: 19.1688, Valid MAPE: 31.9262, Valid RMSE: 0.1619
No update
Iter: 000, Train Loss: 17.8195, Train RMSE: 28.5076, Train MAPE: 0.1584
Epoch: 043, Training Time: 169.4146 secs
Epoch: 043, Inference Time: 9.2230 secs
Epoch: 043, Train Loss: 20.1335, Train MAPE: 33.7831, Train RMSE: 0.1758
Epoch: 043, Valid Loss: 19.3297, Valid MAPE: 31.8123, Valid RMSE: 0.1619
No update
Iter: 000, Train Loss: 19.3121, Train RMSE: 31.2822, Train MAPE: 0.1691
Epoch: 044, Training Time: 169.4506 secs
Epoch: 044, Inference Time: 8.8605 secs
Epoch: 044, Train Loss: 19.9446, Train MAPE: 33.3521, Train RMSE: 0.1765
Epoch: 044, Valid Loss: 19.7362, Valid MAPE: 32.3927, Valid RMSE: 0.1687
No update
Iter: 000, Train Loss: 20.6132, Train RMSE: 34.2866, Train MAPE: 0.1881
Epoch: 045, Training Time: 169.2216 secs
Epoch: 045, Inference Time: 9.1147 secs
Epoch: 045, Train Loss: 19.9568, Train MAPE: 33.4022, Train RMSE: 0.1780
Epoch: 045, Valid Loss: 19.0174, Valid MAPE: 31.7514, Valid RMSE: 0.1575
No update
Iter: 000, Train Loss: 17.9552, Train RMSE: 29.5409, Train MAPE: 0.1587
Epoch: 046, Training Time: 168.2937 secs
Epoch: 046, Inference Time: 9.3420 secs
Epoch: 046, Train Loss: 19.9824, Train MAPE: 33.5215, Train RMSE: 0.1761
Epoch: 046, Valid Loss: 18.7586, Valid MAPE: 31.1877, Valid RMSE: 0.1573
###Update tasks appear###
Updating! Valid Loss: 18.7585971666419, epoch:  46
Iter: 000, Train Loss: 19.7331, Train RMSE: 32.6174, Train MAPE: 0.1666
Epoch: 047, Training Time: 169.5391 secs
Epoch: 047, Inference Time: 9.3336 secs
Epoch: 047, Train Loss: 19.7392, Train MAPE: 33.1175, Train RMSE: 0.1745
Epoch: 047, Valid Loss: 18.9423, Valid MAPE: 31.5801, Valid RMSE: 0.1653
No update
Iter: 000, Train Loss: 19.6512, Train RMSE: 33.3869, Train MAPE: 0.1688
Epoch: 048, Training Time: 169.1242 secs
Epoch: 048, Inference Time: 9.3424 secs
Epoch: 048, Train Loss: 19.6377, Train MAPE: 32.9297, Train RMSE: 0.1723
Epoch: 048, Valid Loss: 18.5517, Valid MAPE: 30.7272, Valid RMSE: 0.1671
###Update tasks appear###
Updating! Valid Loss: 18.55168873330821, epoch:  48
Iter: 000, Train Loss: 17.2706, Train RMSE: 28.0335, Train MAPE: 0.1864
Epoch: 049, Training Time: 169.0989 secs
Epoch: 049, Inference Time: 9.3323 secs
Epoch: 049, Train Loss: 19.5354, Train MAPE: 32.8168, Train RMSE: 0.1720
Epoch: 049, Valid Loss: 18.3772, Valid MAPE: 30.8006, Valid RMSE: 0.1511
###Update tasks appear###
Updating! Valid Loss: 18.377238232156504, epoch:  49
Iter: 000, Train Loss: 20.7654, Train RMSE: 32.7274, Train MAPE: 0.1614
Epoch: 050, Training Time: 168.6552 secs
Epoch: 050, Inference Time: 9.3374 secs
Epoch: 050, Train Loss: 19.5476, Train MAPE: 32.8903, Train RMSE: 0.1710
Epoch: 050, Valid Loss: 19.9367, Valid MAPE: 33.7189, Valid RMSE: 0.1637
No update
Iter: 000, Train Loss: 18.9187, Train RMSE: 31.9267, Train MAPE: 0.1707
Epoch: 051, Training Time: 169.6389 secs
Epoch: 051, Inference Time: 9.2930 secs
Epoch: 051, Train Loss: 19.4327, Train MAPE: 32.6203, Train RMSE: 0.1711
Epoch: 051, Valid Loss: 18.5063, Valid MAPE: 30.9035, Valid RMSE: 0.1513
No update
Iter: 000, Train Loss: 17.1763, Train RMSE: 26.6892, Train MAPE: 0.1586
Epoch: 052, Training Time: 169.2855 secs
Epoch: 052, Inference Time: 9.3713 secs
Epoch: 052, Train Loss: 19.3798, Train MAPE: 32.5825, Train RMSE: 0.1701
Epoch: 052, Valid Loss: 18.3937, Valid MAPE: 30.3612, Valid RMSE: 0.1651
No update
Iter: 000, Train Loss: 18.8434, Train RMSE: 30.1279, Train MAPE: 0.1502
Epoch: 053, Training Time: 169.3872 secs
Epoch: 053, Inference Time: 8.1307 secs
Epoch: 053, Train Loss: 19.4045, Train MAPE: 32.6536, Train RMSE: 0.1688
Epoch: 053, Valid Loss: 19.1014, Valid MAPE: 31.8548, Valid RMSE: 0.1574
No update
Iter: 000, Train Loss: 19.5709, Train RMSE: 31.9282, Train MAPE: 0.1516
Epoch: 054, Training Time: 169.1407 secs
Epoch: 054, Inference Time: 9.3890 secs
Epoch: 054, Train Loss: 19.1884, Train MAPE: 32.2095, Train RMSE: 0.1674
Epoch: 054, Valid Loss: 18.0940, Valid MAPE: 30.0934, Valid RMSE: 0.1530
###Update tasks appear###
Updating! Valid Loss: 18.09402266792629, epoch:  54
Iter: 000, Train Loss: 19.7965, Train RMSE: 34.2038, Train MAPE: 0.1643
Epoch: 055, Training Time: 168.9947 secs
Epoch: 055, Inference Time: 9.3977 secs
Epoch: 055, Train Loss: 19.1071, Train MAPE: 32.1003, Train RMSE: 0.1685
Epoch: 055, Valid Loss: 18.4846, Valid MAPE: 30.7178, Valid RMSE: 0.1539
No update
Iter: 000, Train Loss: 18.9374, Train RMSE: 30.7925, Train MAPE: 0.1548
Epoch: 056, Training Time: 169.2745 secs
Epoch: 056, Inference Time: 9.3778 secs
Epoch: 056, Train Loss: 19.1666, Train MAPE: 32.1905, Train RMSE: 0.1673
Epoch: 056, Valid Loss: 18.3551, Valid MAPE: 30.7734, Valid RMSE: 0.1526
No update
Iter: 000, Train Loss: 16.9710, Train RMSE: 29.4009, Train MAPE: 0.1683
Epoch: 057, Training Time: 169.0826 secs
Epoch: 057, Inference Time: 9.3500 secs
Epoch: 057, Train Loss: 19.0183, Train MAPE: 31.9124, Train RMSE: 0.1669
Epoch: 057, Valid Loss: 17.7702, Valid MAPE: 29.6773, Valid RMSE: 0.1478
###Update tasks appear###
Updating! Valid Loss: 17.770154040792715, epoch:  57
Iter: 000, Train Loss: 21.6343, Train RMSE: 42.0159, Train MAPE: 0.2044
Epoch: 058, Training Time: 168.5809 secs
Epoch: 058, Inference Time: 9.4147 secs
Epoch: 058, Train Loss: 18.9523, Train MAPE: 31.9002, Train RMSE: 0.1646
Epoch: 058, Valid Loss: 18.3233, Valid MAPE: 30.5798, Valid RMSE: 0.1488
No update
Iter: 000, Train Loss: 17.4986, Train RMSE: 29.1742, Train MAPE: 0.1721
Epoch: 059, Training Time: 168.8856 secs
Epoch: 059, Inference Time: 8.8082 secs
Epoch: 059, Train Loss: 18.9310, Train MAPE: 31.8631, Train RMSE: 0.1641
Epoch: 059, Valid Loss: 17.8573, Valid MAPE: 29.9220, Valid RMSE: 0.1478
No update
Iter: 000, Train Loss: 22.0564, Train RMSE: 38.9603, Train MAPE: 0.1510
Epoch: 060, Training Time: 169.6778 secs
Epoch: 060, Inference Time: 9.3331 secs
Epoch: 060, Train Loss: 18.8544, Train MAPE: 31.8074, Train RMSE: 0.1631
Epoch: 060, Valid Loss: 17.6303, Valid MAPE: 29.4217, Valid RMSE: 0.1491
###Update tasks appear###
Updating! Valid Loss: 17.63029840718145, epoch:  60
Iter: 000, Train Loss: 17.6278, Train RMSE: 28.8539, Train MAPE: 0.1484
Epoch: 061, Training Time: 168.7021 secs
Epoch: 061, Inference Time: 9.3463 secs
Epoch: 061, Train Loss: 18.7159, Train MAPE: 31.4090, Train RMSE: 0.1644
Epoch: 061, Valid Loss: 18.1530, Valid MAPE: 30.3874, Valid RMSE: 0.1505
No update
Iter: 000, Train Loss: 17.9840, Train RMSE: 31.0962, Train MAPE: 0.1692
Epoch: 062, Training Time: 168.8297 secs
Epoch: 062, Inference Time: 9.3498 secs
Epoch: 062, Train Loss: 18.7167, Train MAPE: 31.5808, Train RMSE: 0.1623
Epoch: 062, Valid Loss: 17.9783, Valid MAPE: 29.7045, Valid RMSE: 0.1525
No update
Iter: 000, Train Loss: 18.0194, Train RMSE: 29.0096, Train MAPE: 0.1692
Epoch: 063, Training Time: 169.3880 secs
Epoch: 063, Inference Time: 9.3413 secs
Epoch: 063, Train Loss: 18.6528, Train MAPE: 31.3359, Train RMSE: 0.1628
Epoch: 063, Valid Loss: 17.4895, Valid MAPE: 29.2257, Valid RMSE: 0.1534
###Update tasks appear###
Updating! Valid Loss: 17.48945480844249, epoch:  63
Iter: 000, Train Loss: 19.0492, Train RMSE: 31.0151, Train MAPE: 0.1602
Epoch: 064, Training Time: 168.9142 secs
Epoch: 064, Inference Time: 9.3889 secs
Epoch: 064, Train Loss: 18.5806, Train MAPE: 31.2531, Train RMSE: 0.1615
Epoch: 064, Valid Loss: 17.3747, Valid MAPE: 28.9851, Valid RMSE: 0.1443
###Update tasks appear###
Updating! Valid Loss: 17.374651411305305, epoch:  64
Iter: 000, Train Loss: 22.9845, Train RMSE: 39.4458, Train MAPE: 0.1606
Epoch: 065, Training Time: 169.1280 secs
Epoch: 065, Inference Time: 9.3506 secs
Epoch: 065, Train Loss: 18.7106, Train MAPE: 31.4270, Train RMSE: 0.1631
Epoch: 065, Valid Loss: 17.8618, Valid MAPE: 29.8688, Valid RMSE: 0.1479
No update
Iter: 000, Train Loss: 16.2537, Train RMSE: 26.3113, Train MAPE: 0.1852
Epoch: 066, Training Time: 168.9978 secs
Epoch: 066, Inference Time: 9.3290 secs
Epoch: 066, Train Loss: 18.6297, Train MAPE: 31.3736, Train RMSE: 0.1622
Epoch: 066, Valid Loss: 17.3106, Valid MAPE: 28.9266, Valid RMSE: 0.1481
###Update tasks appear###
Updating! Valid Loss: 17.310630839803945, epoch:  66
Iter: 000, Train Loss: 16.7644, Train RMSE: 27.5175, Train MAPE: 0.1577
Epoch: 067, Training Time: 170.1389 secs
Epoch: 067, Inference Time: 9.3021 secs
Epoch: 067, Train Loss: 18.5774, Train MAPE: 31.3960, Train RMSE: 0.1605
Epoch: 067, Valid Loss: 17.6715, Valid MAPE: 29.5566, Valid RMSE: 0.1449
No update
Iter: 000, Train Loss: 19.8544, Train RMSE: 33.3275, Train MAPE: 0.1897
Epoch: 068, Training Time: 168.5349 secs
Epoch: 068, Inference Time: 8.8479 secs
Epoch: 068, Train Loss: 18.4692, Train MAPE: 31.1834, Train RMSE: 0.1596
Epoch: 068, Valid Loss: 17.8637, Valid MAPE: 30.0678, Valid RMSE: 0.1445
No update
Iter: 000, Train Loss: 17.2294, Train RMSE: 28.2765, Train MAPE: 0.1473
Epoch: 069, Training Time: 169.7491 secs
Epoch: 069, Inference Time: 9.3505 secs
Epoch: 069, Train Loss: 18.4381, Train MAPE: 31.1437, Train RMSE: 0.1593
Epoch: 069, Valid Loss: 17.5304, Valid MAPE: 29.3707, Valid RMSE: 0.1440
No update
Iter: 000, Train Loss: 18.6859, Train RMSE: 32.0503, Train MAPE: 0.1503
Epoch: 070, Training Time: 168.9373 secs
Epoch: 070, Inference Time: 8.8814 secs
Epoch: 070, Train Loss: 18.3862, Train MAPE: 30.9716, Train RMSE: 0.1604
Epoch: 070, Valid Loss: 17.8836, Valid MAPE: 30.1344, Valid RMSE: 0.1465
No update
Iter: 000, Train Loss: 18.4927, Train RMSE: 29.8673, Train MAPE: 0.1456
Epoch: 071, Training Time: 169.2496 secs
Epoch: 071, Inference Time: 8.9537 secs
Epoch: 071, Train Loss: 18.4292, Train MAPE: 31.1015, Train RMSE: 0.1605
Epoch: 071, Valid Loss: 17.5977, Valid MAPE: 29.1754, Valid RMSE: 0.1502
No update
Iter: 000, Train Loss: 17.9260, Train RMSE: 29.4668, Train MAPE: 0.1893
Epoch: 072, Training Time: 169.3135 secs
Epoch: 072, Inference Time: 9.3355 secs
Epoch: 072, Train Loss: 18.3740, Train MAPE: 31.0424, Train RMSE: 0.1591
Epoch: 072, Valid Loss: 17.3856, Valid MAPE: 29.0547, Valid RMSE: 0.1486
No update
Iter: 000, Train Loss: 19.2055, Train RMSE: 32.1297, Train MAPE: 0.1537
Epoch: 073, Training Time: 168.8267 secs
Epoch: 073, Inference Time: 9.3560 secs
Epoch: 073, Train Loss: 18.3117, Train MAPE: 30.9271, Train RMSE: 0.1578
Epoch: 073, Valid Loss: 17.5456, Valid MAPE: 29.4961, Valid RMSE: 0.1439
No update
Iter: 000, Train Loss: 18.0063, Train RMSE: 28.8979, Train MAPE: 0.1396
Epoch: 074, Training Time: 168.7970 secs
Epoch: 074, Inference Time: 8.7572 secs
Epoch: 074, Train Loss: 18.2185, Train MAPE: 30.7070, Train RMSE: 0.1584
Epoch: 074, Valid Loss: 17.8174, Valid MAPE: 29.6451, Valid RMSE: 0.1508
No update
Iter: 000, Train Loss: 21.2869, Train RMSE: 34.2786, Train MAPE: 0.1582
Epoch: 075, Training Time: 169.7870 secs
Epoch: 075, Inference Time: 9.3238 secs
Epoch: 075, Train Loss: 18.2274, Train MAPE: 30.8250, Train RMSE: 0.1582
Epoch: 075, Valid Loss: 17.2457, Valid MAPE: 28.9705, Valid RMSE: 0.1455
###Update tasks appear###
Updating! Valid Loss: 17.245727331741996, epoch:  75
Iter: 000, Train Loss: 15.6886, Train RMSE: 25.8584, Train MAPE: 0.1561
Epoch: 076, Training Time: 168.8781 secs
Epoch: 076, Inference Time: 9.2313 secs
Epoch: 076, Train Loss: 18.2051, Train MAPE: 30.7634, Train RMSE: 0.1575
Epoch: 076, Valid Loss: 17.7132, Valid MAPE: 29.7347, Valid RMSE: 0.1514
No update
Iter: 000, Train Loss: 16.1901, Train RMSE: 28.2713, Train MAPE: 0.1565
Epoch: 077, Training Time: 168.7723 secs
Epoch: 077, Inference Time: 9.3515 secs
Epoch: 077, Train Loss: 18.1421, Train MAPE: 30.6098, Train RMSE: 0.1569
Epoch: 077, Valid Loss: 18.3587, Valid MAPE: 30.7567, Valid RMSE: 0.1550
No update
Iter: 000, Train Loss: 18.3993, Train RMSE: 31.0602, Train MAPE: 0.1516
Epoch: 078, Training Time: 169.2510 secs
Epoch: 078, Inference Time: 9.3405 secs
Epoch: 078, Train Loss: 18.2496, Train MAPE: 30.7177, Train RMSE: 0.1608
Epoch: 078, Valid Loss: 17.0214, Valid MAPE: 28.5168, Valid RMSE: 0.1409
###Update tasks appear###
Updating! Valid Loss: 17.021351482557215, epoch:  78
Iter: 000, Train Loss: 16.5651, Train RMSE: 25.8671, Train MAPE: 0.1675
Epoch: 079, Training Time: 169.2257 secs
Epoch: 079, Inference Time: 9.3873 secs
Epoch: 079, Train Loss: 18.1664, Train MAPE: 30.6969, Train RMSE: 0.1569
Epoch: 079, Valid Loss: 17.0658, Valid MAPE: 28.4548, Valid RMSE: 0.1420
No update
Iter: 000, Train Loss: 16.5065, Train RMSE: 26.4243, Train MAPE: 0.1490
Epoch: 080, Training Time: 169.4797 secs
Epoch: 080, Inference Time: 9.3566 secs
Epoch: 080, Train Loss: 18.0230, Train MAPE: 30.3530, Train RMSE: 0.1563
Epoch: 080, Valid Loss: 17.8560, Valid MAPE: 29.9815, Valid RMSE: 0.1594
No update
Iter: 000, Train Loss: 17.5739, Train RMSE: 28.8424, Train MAPE: 0.1664
Epoch: 081, Training Time: 168.9652 secs
Epoch: 081, Inference Time: 9.3489 secs
Epoch: 081, Train Loss: 18.0529, Train MAPE: 30.2740, Train RMSE: 0.1589
Epoch: 081, Valid Loss: 17.2983, Valid MAPE: 29.0740, Valid RMSE: 0.1473
No update
Iter: 000, Train Loss: 19.0039, Train RMSE: 30.6890, Train MAPE: 0.1487
Epoch: 082, Training Time: 168.9609 secs
Epoch: 082, Inference Time: 9.3673 secs
Epoch: 082, Train Loss: 17.9437, Train MAPE: 30.2430, Train RMSE: 0.1547
Epoch: 082, Valid Loss: 17.1996, Valid MAPE: 28.9941, Valid RMSE: 0.1462
No update
Iter: 000, Train Loss: 17.4116, Train RMSE: 27.7196, Train MAPE: 0.1573
Epoch: 083, Training Time: 169.6575 secs
Epoch: 083, Inference Time: 9.1472 secs
Epoch: 083, Train Loss: 17.9984, Train MAPE: 30.3903, Train RMSE: 0.1561
Epoch: 083, Valid Loss: 17.2338, Valid MAPE: 28.7721, Valid RMSE: 0.1431
No update
Iter: 000, Train Loss: 16.7477, Train RMSE: 26.9391, Train MAPE: 0.1500
Epoch: 084, Training Time: 168.7579 secs
Epoch: 084, Inference Time: 9.3779 secs
Epoch: 084, Train Loss: 17.9210, Train MAPE: 30.1741, Train RMSE: 0.1555
Epoch: 084, Valid Loss: 17.5661, Valid MAPE: 29.4884, Valid RMSE: 0.1442
No update
Iter: 000, Train Loss: 18.6182, Train RMSE: 32.4918, Train MAPE: 0.1502
Epoch: 085, Training Time: 169.1611 secs
Epoch: 085, Inference Time: 9.3509 secs
Epoch: 085, Train Loss: 17.9584, Train MAPE: 30.3225, Train RMSE: 0.1561
Epoch: 085, Valid Loss: 17.1516, Valid MAPE: 28.8760, Valid RMSE: 0.1397
No update
Iter: 000, Train Loss: 15.3809, Train RMSE: 25.0361, Train MAPE: 0.1620
Epoch: 086, Training Time: 168.5986 secs
Epoch: 086, Inference Time: 9.2901 secs
Epoch: 086, Train Loss: 17.8717, Train MAPE: 30.1472, Train RMSE: 0.1545
Epoch: 086, Valid Loss: 17.7169, Valid MAPE: 29.6779, Valid RMSE: 0.1445
No update
Iter: 000, Train Loss: 18.6833, Train RMSE: 29.9820, Train MAPE: 0.1431
Epoch: 087, Training Time: 169.2763 secs
Epoch: 087, Inference Time: 9.3000 secs
Epoch: 087, Train Loss: 17.8927, Train MAPE: 30.2508, Train RMSE: 0.1544
Epoch: 087, Valid Loss: 17.0463, Valid MAPE: 28.6414, Valid RMSE: 0.1428
No update
Iter: 000, Train Loss: 16.3628, Train RMSE: 25.9297, Train MAPE: 0.1520
Epoch: 088, Training Time: 169.2267 secs
Epoch: 088, Inference Time: 8.5160 secs
Epoch: 088, Train Loss: 17.8987, Train MAPE: 30.2840, Train RMSE: 0.1554
Epoch: 088, Valid Loss: 17.3243, Valid MAPE: 28.9420, Valid RMSE: 0.1502
No update
Iter: 000, Train Loss: 19.7187, Train RMSE: 34.1392, Train MAPE: 0.1751
Epoch: 089, Training Time: 169.0309 secs
Epoch: 089, Inference Time: 8.7700 secs
Epoch: 089, Train Loss: 17.7613, Train MAPE: 29.9642, Train RMSE: 0.1546
Epoch: 089, Valid Loss: 17.7041, Valid MAPE: 29.9602, Valid RMSE: 0.1431
No update
Iter: 000, Train Loss: 18.6879, Train RMSE: 29.3979, Train MAPE: 0.1428
Epoch: 090, Training Time: 169.2397 secs
Epoch: 090, Inference Time: 9.2411 secs
Epoch: 090, Train Loss: 17.8453, Train MAPE: 30.0673, Train RMSE: 0.1543
Epoch: 090, Valid Loss: 17.0623, Valid MAPE: 28.7632, Valid RMSE: 0.1386
No update
Iter: 000, Train Loss: 16.4683, Train RMSE: 27.7703, Train MAPE: 0.1378
Epoch: 091, Training Time: 169.1129 secs
Epoch: 091, Inference Time: 8.7477 secs
Epoch: 091, Train Loss: 17.6947, Train MAPE: 29.9150, Train RMSE: 0.1522
Epoch: 091, Valid Loss: 17.3643, Valid MAPE: 28.9498, Valid RMSE: 0.1519
No update
Iter: 000, Train Loss: 16.0179, Train RMSE: 25.4462, Train MAPE: 0.1531
Epoch: 092, Training Time: 168.7839 secs
Epoch: 092, Inference Time: 9.3820 secs
Epoch: 092, Train Loss: 17.8512, Train MAPE: 30.1802, Train RMSE: 0.1544
Epoch: 092, Valid Loss: 17.1760, Valid MAPE: 28.9806, Valid RMSE: 0.1396
No update
Iter: 000, Train Loss: 16.7796, Train RMSE: 28.0543, Train MAPE: 0.1361
Epoch: 093, Training Time: 169.1005 secs
Epoch: 093, Inference Time: 9.3765 secs
Epoch: 093, Train Loss: 17.7436, Train MAPE: 29.9418, Train RMSE: 0.1539
Epoch: 093, Valid Loss: 16.8858, Valid MAPE: 28.2208, Valid RMSE: 0.1386
###Update tasks appear###
Updating! Valid Loss: 16.88575902192489, epoch:  93
Iter: 000, Train Loss: 15.9675, Train RMSE: 26.3478, Train MAPE: 0.1455
Epoch: 094, Training Time: 169.1373 secs
Epoch: 094, Inference Time: 9.2923 secs
Epoch: 094, Train Loss: 17.6760, Train MAPE: 29.8681, Train RMSE: 0.1520
Epoch: 094, Valid Loss: 17.1291, Valid MAPE: 28.5542, Valid RMSE: 0.1473
No update
Iter: 000, Train Loss: 18.1812, Train RMSE: 30.5439, Train MAPE: 0.1553
Epoch: 095, Training Time: 169.3260 secs
Epoch: 095, Inference Time: 9.3647 secs
Epoch: 095, Train Loss: 17.7577, Train MAPE: 30.0201, Train RMSE: 0.1523
Epoch: 095, Valid Loss: 17.7857, Valid MAPE: 29.3996, Valid RMSE: 0.1504
No update
Iter: 000, Train Loss: 17.0152, Train RMSE: 27.4021, Train MAPE: 0.1696
Epoch: 096, Training Time: 169.1606 secs
Epoch: 096, Inference Time: 9.3989 secs
Epoch: 096, Train Loss: 17.7034, Train MAPE: 29.9993, Train RMSE: 0.1523
Epoch: 096, Valid Loss: 16.9500, Valid MAPE: 28.3854, Valid RMSE: 0.1400
No update
Iter: 000, Train Loss: 15.3964, Train RMSE: 24.9046, Train MAPE: 0.1621
Epoch: 097, Training Time: 168.7763 secs
Epoch: 097, Inference Time: 9.3107 secs
Epoch: 097, Train Loss: 17.5845, Train MAPE: 29.7064, Train RMSE: 0.1520
Epoch: 097, Valid Loss: 17.0366, Valid MAPE: 28.8590, Valid RMSE: 0.1369
No update
Iter: 000, Train Loss: 17.3722, Train RMSE: 27.6747, Train MAPE: 0.1332
Epoch: 098, Training Time: 169.6625 secs
Epoch: 098, Inference Time: 9.3056 secs
Epoch: 098, Train Loss: 17.6500, Train MAPE: 29.8011, Train RMSE: 0.1532
Epoch: 098, Valid Loss: 17.2141, Valid MAPE: 28.7252, Valid RMSE: 0.1439
No update
Iter: 000, Train Loss: 19.5537, Train RMSE: 33.6598, Train MAPE: 0.1450
Epoch: 099, Training Time: 168.5863 secs
Epoch: 099, Inference Time: 9.2280 secs
Epoch: 099, Train Loss: 17.5979, Train MAPE: 29.7526, Train RMSE: 0.1521
Epoch: 099, Valid Loss: 17.3645, Valid MAPE: 29.1850, Valid RMSE: 0.1424
No update
Iter: 000, Train Loss: 16.6099, Train RMSE: 27.8590, Train MAPE: 0.1558
Epoch: 100, Training Time: 168.0006 secs
Epoch: 100, Inference Time: 9.3605 secs
Epoch: 100, Train Loss: 17.5295, Train MAPE: 29.5871, Train RMSE: 0.1514
Epoch: 100, Valid Loss: 17.2717, Valid MAPE: 29.0122, Valid RMSE: 0.1393
No update
Iter: 000, Train Loss: 15.6692, Train RMSE: 25.9310, Train MAPE: 0.1370
Epoch: 101, Training Time: 169.2050 secs
Epoch: 101, Inference Time: 9.3532 secs
Epoch: 101, Train Loss: 17.6055, Train MAPE: 29.7082, Train RMSE: 0.1527
Epoch: 101, Valid Loss: 17.0191, Valid MAPE: 28.3899, Valid RMSE: 0.1384
No update
Iter: 000, Train Loss: 17.6677, Train RMSE: 28.5075, Train MAPE: 0.1249
Epoch: 102, Training Time: 170.0960 secs
Epoch: 102, Inference Time: 9.3152 secs
Epoch: 102, Train Loss: 17.4931, Train MAPE: 29.5445, Train RMSE: 0.1512
Epoch: 102, Valid Loss: 16.8003, Valid MAPE: 28.1511, Valid RMSE: 0.1371
###Update tasks appear###
Test MAE: 18.1858, Test RMSE: 31.8469, Test MAPE: 0.1464
Test low! Updating! Test Loss: 18.185819625854492, Test low! Updating! Valid Loss: 16.8003277156664, epoch:  102
Iter: 000, Train Loss: 17.8338, Train RMSE: 30.5743, Train MAPE: 0.1359
Epoch: 103, Training Time: 168.2794 secs
Epoch: 103, Inference Time: 9.3467 secs
Epoch: 103, Train Loss: 17.4820, Train MAPE: 29.5000, Train RMSE: 0.1519
Epoch: 103, Valid Loss: 16.8964, Valid MAPE: 28.5516, Valid RMSE: 0.1390
No update
Iter: 000, Train Loss: 16.1126, Train RMSE: 26.4931, Train MAPE: 0.1499
Epoch: 104, Training Time: 169.1623 secs
Epoch: 104, Inference Time: 9.3266 secs
Epoch: 104, Train Loss: 17.4851, Train MAPE: 29.5332, Train RMSE: 0.1510
Epoch: 104, Valid Loss: 17.2101, Valid MAPE: 29.0882, Valid RMSE: 0.1408
No update
Iter: 000, Train Loss: 15.9862, Train RMSE: 25.8820, Train MAPE: 0.1594
Epoch: 105, Training Time: 169.3380 secs
Epoch: 105, Inference Time: 9.2115 secs
Epoch: 105, Train Loss: 17.4882, Train MAPE: 29.4768, Train RMSE: 0.1519
Epoch: 105, Valid Loss: 16.6561, Valid MAPE: 28.1163, Valid RMSE: 0.1387
###Update tasks appear###
Test MAE: 17.9279, Test RMSE: 31.5542, Test MAPE: 0.1470
Test low! Updating! Test Loss: 17.927881240844727, Test low! Updating! Valid Loss: 16.656111468439516, epoch:  105
Iter: 000, Train Loss: 14.3069, Train RMSE: 23.1149, Train MAPE: 0.1626
Epoch: 106, Training Time: 168.9710 secs
Epoch: 106, Inference Time: 8.9467 secs
Epoch: 106, Train Loss: 17.4325, Train MAPE: 29.4331, Train RMSE: 0.1500
Epoch: 106, Valid Loss: 16.8351, Valid MAPE: 28.0675, Valid RMSE: 0.1411
No update
Iter: 000, Train Loss: 16.6889, Train RMSE: 26.9766, Train MAPE: 0.1432
Epoch: 107, Training Time: 169.3413 secs
Epoch: 107, Inference Time: 9.3638 secs
Epoch: 107, Train Loss: 17.3832, Train MAPE: 29.3488, Train RMSE: 0.1501
Epoch: 107, Valid Loss: 17.1652, Valid MAPE: 28.9436, Valid RMSE: 0.1406
No update
Iter: 000, Train Loss: 23.1300, Train RMSE: 39.3345, Train MAPE: 0.1687
Epoch: 108, Training Time: 169.2416 secs
Epoch: 108, Inference Time: 9.3361 secs
Epoch: 108, Train Loss: 17.4465, Train MAPE: 29.5423, Train RMSE: 0.1494
Epoch: 108, Valid Loss: 16.8534, Valid MAPE: 28.3200, Valid RMSE: 0.1426
No update
Iter: 000, Train Loss: 16.4852, Train RMSE: 26.9789, Train MAPE: 0.1469
Epoch: 109, Training Time: 169.4974 secs
Epoch: 109, Inference Time: 9.3128 secs
Epoch: 109, Train Loss: 17.4251, Train MAPE: 29.4732, Train RMSE: 0.1490
Epoch: 109, Valid Loss: 17.0272, Valid MAPE: 28.0988, Valid RMSE: 0.1407
No update
Iter: 000, Train Loss: 17.0186, Train RMSE: 27.2955, Train MAPE: 0.1340
Epoch: 110, Training Time: 168.7025 secs
Epoch: 110, Inference Time: 9.3240 secs
Epoch: 110, Train Loss: 17.3573, Train MAPE: 29.1867, Train RMSE: 0.1503
Epoch: 110, Valid Loss: 17.0815, Valid MAPE: 28.6116, Valid RMSE: 0.1527
No update
Iter: 000, Train Loss: 14.3034, Train RMSE: 23.1779, Train MAPE: 0.1721
Epoch: 111, Training Time: 168.9033 secs
Epoch: 111, Inference Time: 9.3147 secs
Epoch: 111, Train Loss: 17.3775, Train MAPE: 29.3838, Train RMSE: 0.1494
Epoch: 111, Valid Loss: 16.7873, Valid MAPE: 28.0705, Valid RMSE: 0.1397
No update
Iter: 000, Train Loss: 15.8779, Train RMSE: 25.7128, Train MAPE: 0.1477
Epoch: 112, Training Time: 169.4632 secs
Epoch: 112, Inference Time: 8.8161 secs
Epoch: 112, Train Loss: 17.3668, Train MAPE: 29.3841, Train RMSE: 0.1496
Epoch: 112, Valid Loss: 17.0971, Valid MAPE: 28.7252, Valid RMSE: 0.1523
No update
Iter: 000, Train Loss: 17.1222, Train RMSE: 29.0849, Train MAPE: 0.1712
Epoch: 113, Training Time: 169.1421 secs
Epoch: 113, Inference Time: 9.3245 secs
Epoch: 113, Train Loss: 17.2729, Train MAPE: 29.0898, Train RMSE: 0.1491
Epoch: 113, Valid Loss: 17.6797, Valid MAPE: 29.6519, Valid RMSE: 0.1527
No update
Iter: 000, Train Loss: 16.2318, Train RMSE: 25.8664, Train MAPE: 0.1537
Epoch: 114, Training Time: 169.6170 secs
Epoch: 114, Inference Time: 9.2160 secs
Epoch: 114, Train Loss: 17.3419, Train MAPE: 29.3509, Train RMSE: 0.1501
Epoch: 114, Valid Loss: 16.7491, Valid MAPE: 28.2898, Valid RMSE: 0.1391
No update
Iter: 000, Train Loss: 15.7001, Train RMSE: 27.0173, Train MAPE: 0.1615
Epoch: 115, Training Time: 169.7867 secs
Epoch: 115, Inference Time: 8.7677 secs
Epoch: 115, Train Loss: 17.1831, Train MAPE: 28.9333, Train RMSE: 0.1494
Epoch: 115, Valid Loss: 16.9231, Valid MAPE: 28.7874, Valid RMSE: 0.1380
No update
Iter: 000, Train Loss: 17.2106, Train RMSE: 27.6054, Train MAPE: 0.1407
Epoch: 116, Training Time: 169.7025 secs
Epoch: 116, Inference Time: 9.4167 secs
Epoch: 116, Train Loss: 17.2678, Train MAPE: 29.2331, Train RMSE: 0.1479
Epoch: 116, Valid Loss: 17.0068, Valid MAPE: 28.4319, Valid RMSE: 0.1401
No update
Iter: 000, Train Loss: 15.9144, Train RMSE: 25.8678, Train MAPE: 0.1421
Epoch: 117, Training Time: 168.9743 secs
Epoch: 117, Inference Time: 9.3666 secs
Epoch: 117, Train Loss: 17.2349, Train MAPE: 29.1601, Train RMSE: 0.1486
Epoch: 117, Valid Loss: 16.5070, Valid MAPE: 27.4858, Valid RMSE: 0.1403
###Update tasks appear###
Test MAE: 17.9195, Test RMSE: 31.2652, Test MAPE: 0.1496
Test low! Updating! Test Loss: 17.91949462890625, Test low! Updating! Valid Loss: 16.507000757300336, epoch:  117
Iter: 000, Train Loss: 17.2414, Train RMSE: 28.4186, Train MAPE: 0.1521
Epoch: 118, Training Time: 169.6391 secs
Epoch: 118, Inference Time: 9.2836 secs
Epoch: 118, Train Loss: 17.2652, Train MAPE: 29.1913, Train RMSE: 0.1499
Epoch: 118, Valid Loss: 16.5793, Valid MAPE: 27.7360, Valid RMSE: 0.1408
No update
Iter: 000, Train Loss: 16.1068, Train RMSE: 25.6377, Train MAPE: 0.1527
Epoch: 119, Training Time: 169.0772 secs
Epoch: 119, Inference Time: 9.1111 secs
Epoch: 119, Train Loss: 17.2147, Train MAPE: 29.1022, Train RMSE: 0.1488
Epoch: 119, Valid Loss: 16.6642, Valid MAPE: 27.8209, Valid RMSE: 0.1391
No update
Iter: 000, Train Loss: 16.7054, Train RMSE: 26.9337, Train MAPE: 0.1334
Epoch: 120, Training Time: 168.5376 secs
Epoch: 120, Inference Time: 9.3790 secs
Epoch: 120, Train Loss: 17.1605, Train MAPE: 28.8990, Train RMSE: 0.1485
Epoch: 120, Valid Loss: 16.8013, Valid MAPE: 27.9133, Valid RMSE: 0.1392
No update
Iter: 000, Train Loss: 16.1039, Train RMSE: 26.9200, Train MAPE: 0.1430
Epoch: 121, Training Time: 169.2384 secs
Epoch: 121, Inference Time: 9.2486 secs
Epoch: 121, Train Loss: 17.2101, Train MAPE: 29.1211, Train RMSE: 0.1480
Epoch: 121, Valid Loss: 16.8489, Valid MAPE: 28.1081, Valid RMSE: 0.1502
No update
Iter: 000, Train Loss: 14.2583, Train RMSE: 22.4307, Train MAPE: 0.1603
Epoch: 122, Training Time: 169.4166 secs
Epoch: 122, Inference Time: 8.5848 secs
Epoch: 122, Train Loss: 17.1633, Train MAPE: 28.8745, Train RMSE: 0.1492
Epoch: 122, Valid Loss: 16.8008, Valid MAPE: 28.1323, Valid RMSE: 0.1389
No update
Iter: 000, Train Loss: 16.8114, Train RMSE: 27.2799, Train MAPE: 0.1348
Epoch: 123, Training Time: 169.1523 secs
Epoch: 123, Inference Time: 9.3553 secs
Epoch: 123, Train Loss: 17.1448, Train MAPE: 28.9504, Train RMSE: 0.1481
Epoch: 123, Valid Loss: 16.9015, Valid MAPE: 28.6059, Valid RMSE: 0.1350
No update
Iter: 000, Train Loss: 15.6499, Train RMSE: 26.8005, Train MAPE: 0.1485
Epoch: 124, Training Time: 169.0647 secs
Epoch: 124, Inference Time: 9.3484 secs
Epoch: 124, Train Loss: 17.1879, Train MAPE: 29.0345, Train RMSE: 0.1481
Epoch: 124, Valid Loss: 16.6370, Valid MAPE: 28.0886, Valid RMSE: 0.1341
No update
Iter: 000, Train Loss: 17.2890, Train RMSE: 29.0286, Train MAPE: 0.1373
Epoch: 125, Training Time: 169.4057 secs
Epoch: 125, Inference Time: 9.3167 secs
Epoch: 125, Train Loss: 17.1085, Train MAPE: 28.8567, Train RMSE: 0.1470
Epoch: 125, Valid Loss: 17.0517, Valid MAPE: 28.6794, Valid RMSE: 0.1361
No update
Iter: 000, Train Loss: 15.4338, Train RMSE: 25.0947, Train MAPE: 0.1321
Epoch: 126, Training Time: 169.4936 secs
Epoch: 126, Inference Time: 9.0908 secs
Epoch: 126, Train Loss: 17.1270, Train MAPE: 28.9353, Train RMSE: 0.1478
Epoch: 126, Valid Loss: 16.8290, Valid MAPE: 28.1299, Valid RMSE: 0.1364
No update
Iter: 000, Train Loss: 18.3939, Train RMSE: 29.5705, Train MAPE: 0.1495
Epoch: 127, Training Time: 168.8545 secs
Epoch: 127, Inference Time: 9.3594 secs
Epoch: 127, Train Loss: 17.0773, Train MAPE: 28.7540, Train RMSE: 0.1480
Epoch: 127, Valid Loss: 16.6818, Valid MAPE: 28.0112, Valid RMSE: 0.1373
No update
Iter: 000, Train Loss: 17.1750, Train RMSE: 28.4561, Train MAPE: 0.1526
Epoch: 128, Training Time: 169.1765 secs
Epoch: 128, Inference Time: 8.8997 secs
Epoch: 128, Train Loss: 17.1186, Train MAPE: 28.9294, Train RMSE: 0.1481
Epoch: 128, Valid Loss: 16.5791, Valid MAPE: 27.6688, Valid RMSE: 0.1359
No update
Iter: 000, Train Loss: 16.9367, Train RMSE: 29.1276, Train MAPE: 0.1352
Epoch: 129, Training Time: 168.9665 secs
Epoch: 129, Inference Time: 9.2008 secs
Epoch: 129, Train Loss: 16.9827, Train MAPE: 28.6752, Train RMSE: 0.1474
Epoch: 129, Valid Loss: 16.5760, Valid MAPE: 27.6986, Valid RMSE: 0.1341
No update
Iter: 000, Train Loss: 17.7017, Train RMSE: 28.5232, Train MAPE: 0.1377
Epoch: 130, Training Time: 168.8381 secs
Epoch: 130, Inference Time: 9.2744 secs
Epoch: 130, Train Loss: 17.0691, Train MAPE: 28.5911, Train RMSE: 0.1497
Epoch: 130, Valid Loss: 16.4009, Valid MAPE: 27.2888, Valid RMSE: 0.1390
###Update tasks appear###
Test MAE: 17.8272, Test RMSE: 31.0319, Test MAPE: 0.1479
Test low! Updating! Test Loss: 17.827241897583008, Test low! Updating! Valid Loss: 16.40089171865712, epoch:  130
Iter: 000, Train Loss: 19.0619, Train RMSE: 32.6776, Train MAPE: 0.1545
Epoch: 131, Training Time: 169.5036 secs
Epoch: 131, Inference Time: 9.3428 secs
Epoch: 131, Train Loss: 16.9915, Train MAPE: 28.6502, Train RMSE: 0.1469
Epoch: 131, Valid Loss: 17.3056, Valid MAPE: 29.1771, Valid RMSE: 0.1451
No update
Iter: 000, Train Loss: 15.8064, Train RMSE: 25.4618, Train MAPE: 0.1547
Epoch: 132, Training Time: 169.2577 secs
Epoch: 132, Inference Time: 9.3885 secs
Epoch: 132, Train Loss: 16.9570, Train MAPE: 28.4976, Train RMSE: 0.1477
Epoch: 132, Valid Loss: 16.4167, Valid MAPE: 27.4375, Valid RMSE: 0.1354
No update
Iter: 000, Train Loss: 19.6221, Train RMSE: 35.4397, Train MAPE: 0.2003
Epoch: 133, Training Time: 168.8461 secs
Epoch: 133, Inference Time: 9.4280 secs
Epoch: 133, Train Loss: 17.0423, Train MAPE: 28.7536, Train RMSE: 0.1468
Epoch: 133, Valid Loss: 16.6240, Valid MAPE: 27.9385, Valid RMSE: 0.1357
No update
Iter: 000, Train Loss: 16.8835, Train RMSE: 27.5681, Train MAPE: 0.1401
Epoch: 134, Training Time: 169.0573 secs
Epoch: 134, Inference Time: 9.2175 secs
Epoch: 134, Train Loss: 17.0228, Train MAPE: 28.6901, Train RMSE: 0.1473
Epoch: 134, Valid Loss: 16.6009, Valid MAPE: 27.9058, Valid RMSE: 0.1388
No update
Iter: 000, Train Loss: 19.0649, Train RMSE: 32.5140, Train MAPE: 0.1421
Epoch: 135, Training Time: 169.0559 secs
Epoch: 135, Inference Time: 9.3557 secs
Epoch: 135, Train Loss: 16.9829, Train MAPE: 28.5807, Train RMSE: 0.1466
Epoch: 135, Valid Loss: 16.5836, Valid MAPE: 27.8097, Valid RMSE: 0.1361
No update
Iter: 000, Train Loss: 15.3906, Train RMSE: 25.7683, Train MAPE: 0.1408
Epoch: 136, Training Time: 169.3403 secs
Epoch: 136, Inference Time: 9.3492 secs
Epoch: 136, Train Loss: 16.9317, Train MAPE: 28.5232, Train RMSE: 0.1462
Epoch: 136, Valid Loss: 17.0310, Valid MAPE: 29.2052, Valid RMSE: 0.1342
No update
Iter: 000, Train Loss: 17.6609, Train RMSE: 31.8727, Train MAPE: 0.1337
Epoch: 137, Training Time: 168.8676 secs
Epoch: 137, Inference Time: 9.3629 secs
Epoch: 137, Train Loss: 16.9824, Train MAPE: 28.4899, Train RMSE: 0.1460
Epoch: 137, Valid Loss: 16.5458, Valid MAPE: 27.8227, Valid RMSE: 0.1331
No update
Iter: 000, Train Loss: 15.6818, Train RMSE: 25.6658, Train MAPE: 0.1390
Epoch: 138, Training Time: 169.2750 secs
Epoch: 138, Inference Time: 8.4672 secs
Epoch: 138, Train Loss: 16.9463, Train MAPE: 28.5790, Train RMSE: 0.1464
Epoch: 138, Valid Loss: 16.4138, Valid MAPE: 27.4235, Valid RMSE: 0.1330
No update
Iter: 000, Train Loss: 15.2768, Train RMSE: 25.3968, Train MAPE: 0.1410
Epoch: 139, Training Time: 169.1101 secs
Epoch: 139, Inference Time: 9.3262 secs
Epoch: 139, Train Loss: 16.9191, Train MAPE: 28.4249, Train RMSE: 0.1454
Epoch: 139, Valid Loss: 16.7453, Valid MAPE: 28.2438, Valid RMSE: 0.1340
No update
Iter: 000, Train Loss: 15.6298, Train RMSE: 25.7321, Train MAPE: 0.1328
Epoch: 140, Training Time: 169.2532 secs
Epoch: 140, Inference Time: 9.3435 secs
Epoch: 140, Train Loss: 16.8588, Train MAPE: 28.3721, Train RMSE: 0.1451
Epoch: 140, Valid Loss: 16.5924, Valid MAPE: 27.8672, Valid RMSE: 0.1344
No update
Iter: 000, Train Loss: 17.0300, Train RMSE: 28.5668, Train MAPE: 0.1300
Epoch: 141, Training Time: 169.0272 secs
Epoch: 141, Inference Time: 8.7437 secs
Epoch: 141, Train Loss: 16.8780, Train MAPE: 28.3294, Train RMSE: 0.1461
Epoch: 141, Valid Loss: 16.5519, Valid MAPE: 27.9082, Valid RMSE: 0.1328
No update
Iter: 000, Train Loss: 14.7032, Train RMSE: 24.7046, Train MAPE: 0.1429
Epoch: 142, Training Time: 168.8898 secs
Epoch: 142, Inference Time: 9.0803 secs
Epoch: 142, Train Loss: 16.8759, Train MAPE: 28.4176, Train RMSE: 0.1448
Epoch: 142, Valid Loss: 16.6932, Valid MAPE: 28.0133, Valid RMSE: 0.1364
No update
Iter: 000, Train Loss: 14.8775, Train RMSE: 25.1135, Train MAPE: 0.1477
Epoch: 143, Training Time: 169.1081 secs
Epoch: 143, Inference Time: 9.3511 secs
Epoch: 143, Train Loss: 16.8000, Train MAPE: 28.1932, Train RMSE: 0.1449
Epoch: 143, Valid Loss: 16.6015, Valid MAPE: 27.8272, Valid RMSE: 0.1400
No update
Iter: 000, Train Loss: 17.4579, Train RMSE: 29.8290, Train MAPE: 0.1596
Epoch: 144, Training Time: 169.2685 secs
Epoch: 144, Inference Time: 9.3196 secs
Epoch: 144, Train Loss: 16.8939, Train MAPE: 28.4821, Train RMSE: 0.1463
Epoch: 144, Valid Loss: 16.3780, Valid MAPE: 27.1221, Valid RMSE: 0.1340
###Update tasks appear###
Test MAE: 17.7572, Test RMSE: 30.9430, Test MAPE: 0.1426
Test low! Updating! Test Loss: 17.7572078704834, Test low! Updating! Valid Loss: 16.37798500061035, epoch:  144
Iter: 000, Train Loss: 18.1933, Train RMSE: 32.1155, Train MAPE: 0.1335
Epoch: 145, Training Time: 169.1493 secs
Epoch: 145, Inference Time: 9.3869 secs
Epoch: 145, Train Loss: 16.8008, Train MAPE: 28.2571, Train RMSE: 0.1455
Epoch: 145, Valid Loss: 16.9548, Valid MAPE: 28.6498, Valid RMSE: 0.1413
No update
Iter: 000, Train Loss: 13.3842, Train RMSE: 21.6100, Train MAPE: 0.1518
Epoch: 146, Training Time: 169.0609 secs
Epoch: 146, Inference Time: 9.3397 secs
Epoch: 146, Train Loss: 16.8570, Train MAPE: 28.2751, Train RMSE: 0.1453
Epoch: 146, Valid Loss: 17.8584, Valid MAPE: 30.0847, Valid RMSE: 0.1404
No update
Iter: 000, Train Loss: 16.8832, Train RMSE: 28.2113, Train MAPE: 0.1520
Epoch: 147, Training Time: 169.0598 secs
Epoch: 147, Inference Time: 9.2702 secs
Epoch: 147, Train Loss: 16.8155, Train MAPE: 28.3273, Train RMSE: 0.1455
Epoch: 147, Valid Loss: 16.5347, Valid MAPE: 27.5490, Valid RMSE: 0.1346
No update
Iter: 000, Train Loss: 15.8972, Train RMSE: 25.8133, Train MAPE: 0.1327
Epoch: 148, Training Time: 168.8875 secs
Epoch: 148, Inference Time: 8.8740 secs
Epoch: 148, Train Loss: 16.8212, Train MAPE: 28.4216, Train RMSE: 0.1449
Epoch: 148, Valid Loss: 16.4914, Valid MAPE: 27.5720, Valid RMSE: 0.1330
No update
Iter: 000, Train Loss: 17.8936, Train RMSE: 29.1242, Train MAPE: 0.1468
Epoch: 149, Training Time: 169.0310 secs
Epoch: 149, Inference Time: 9.3555 secs
Epoch: 149, Train Loss: 16.7692, Train MAPE: 28.2441, Train RMSE: 0.1440
Epoch: 149, Valid Loss: 16.9543, Valid MAPE: 28.4602, Valid RMSE: 0.1357
No update
Iter: 000, Train Loss: 16.1028, Train RMSE: 26.8249, Train MAPE: 0.1432
Epoch: 150, Training Time: 169.4156 secs
Epoch: 150, Inference Time: 9.3728 secs
Epoch: 150, Train Loss: 16.8255, Train MAPE: 28.4278, Train RMSE: 0.1446
Epoch: 150, Valid Loss: 16.6787, Valid MAPE: 28.0627, Valid RMSE: 0.1330
No update
Iter: 000, Train Loss: 15.8601, Train RMSE: 27.3714, Train MAPE: 0.1323
Epoch: 151, Training Time: 168.4314 secs
Epoch: 151, Inference Time: 9.3006 secs
Epoch: 151, Train Loss: 16.6871, Train MAPE: 28.0572, Train RMSE: 0.1439
Epoch: 151, Valid Loss: 16.3796, Valid MAPE: 27.0995, Valid RMSE: 0.1339
No update
Iter: 000, Train Loss: 15.5231, Train RMSE: 25.8327, Train MAPE: 0.1344
Epoch: 152, Training Time: 169.7471 secs
Epoch: 152, Inference Time: 9.3295 secs
Epoch: 152, Train Loss: 16.7724, Train MAPE: 28.2498, Train RMSE: 0.1444
Epoch: 152, Valid Loss: 16.5662, Valid MAPE: 27.6661, Valid RMSE: 0.1343
No update
Iter: 000, Train Loss: 18.4645, Train RMSE: 29.4258, Train MAPE: 0.1329
Epoch: 153, Training Time: 168.8628 secs
Epoch: 153, Inference Time: 9.3522 secs
Epoch: 153, Train Loss: 16.6640, Train MAPE: 28.0337, Train RMSE: 0.1435
Epoch: 153, Valid Loss: 16.1193, Valid MAPE: 26.8058, Valid RMSE: 0.1326
###Update tasks appear###
Test MAE: 17.4175, Test RMSE: 30.3941, Test MAPE: 0.1414
Test low! Updating! Test Loss: 17.4174861907959, Test low! Updating! Valid Loss: 16.11934587229853, epoch:  153
Iter: 000, Train Loss: 14.4386, Train RMSE: 23.1809, Train MAPE: 0.1395
Epoch: 154, Training Time: 169.2581 secs
Epoch: 154, Inference Time: 9.2335 secs
Epoch: 154, Train Loss: 16.6699, Train MAPE: 27.8721, Train RMSE: 0.1448
Epoch: 154, Valid Loss: 16.7771, Valid MAPE: 28.2753, Valid RMSE: 0.1342
No update
Iter: 000, Train Loss: 17.2442, Train RMSE: 29.4477, Train MAPE: 0.1496
Epoch: 155, Training Time: 168.6872 secs
Epoch: 155, Inference Time: 9.0079 secs
Epoch: 155, Train Loss: 16.6158, Train MAPE: 28.0408, Train RMSE: 0.1424
Epoch: 155, Valid Loss: 16.4809, Valid MAPE: 27.4663, Valid RMSE: 0.1396
No update
Iter: 000, Train Loss: 20.1495, Train RMSE: 38.8543, Train MAPE: 0.2488
Epoch: 156, Training Time: 169.3348 secs
Epoch: 156, Inference Time: 9.2589 secs
Epoch: 156, Train Loss: 16.6795, Train MAPE: 28.0857, Train RMSE: 0.1443
Epoch: 156, Valid Loss: 16.5264, Valid MAPE: 27.4615, Valid RMSE: 0.1334
No update
Iter: 000, Train Loss: 19.3483, Train RMSE: 35.1742, Train MAPE: 0.1557
Epoch: 157, Training Time: 169.4174 secs
Epoch: 157, Inference Time: 9.3511 secs
Epoch: 157, Train Loss: 16.6878, Train MAPE: 28.0074, Train RMSE: 0.1447
Epoch: 157, Valid Loss: 16.5383, Valid MAPE: 27.9029, Valid RMSE: 0.1332
No update
Iter: 000, Train Loss: 17.7597, Train RMSE: 29.9811, Train MAPE: 0.1454
Epoch: 158, Training Time: 169.2735 secs
Epoch: 158, Inference Time: 9.3616 secs
Epoch: 158, Train Loss: 16.6916, Train MAPE: 28.0448, Train RMSE: 0.1446
Epoch: 158, Valid Loss: 16.4375, Valid MAPE: 27.6197, Valid RMSE: 0.1364
No update
Iter: 000, Train Loss: 15.5417, Train RMSE: 25.4139, Train MAPE: 0.1425
Epoch: 159, Training Time: 169.0756 secs
Epoch: 159, Inference Time: 9.3227 secs
Epoch: 159, Train Loss: 16.6765, Train MAPE: 28.0668, Train RMSE: 0.1429
Epoch: 159, Valid Loss: 16.1972, Valid MAPE: 27.2085, Valid RMSE: 0.1312
No update
Iter: 000, Train Loss: 15.7680, Train RMSE: 25.4898, Train MAPE: 0.1308
Epoch: 160, Training Time: 169.5931 secs
Epoch: 160, Inference Time: 9.2937 secs
Epoch: 160, Train Loss: 16.5782, Train MAPE: 27.8857, Train RMSE: 0.1424
Epoch: 160, Valid Loss: 16.4149, Valid MAPE: 27.6124, Valid RMSE: 0.1330
No update
Iter: 000, Train Loss: 17.4955, Train RMSE: 28.7436, Train MAPE: 0.1369
Epoch: 161, Training Time: 169.7551 secs
Epoch: 161, Inference Time: 9.2833 secs
Epoch: 161, Train Loss: 16.5640, Train MAPE: 27.7490, Train RMSE: 0.1429
Epoch: 161, Valid Loss: 16.2780, Valid MAPE: 27.3401, Valid RMSE: 0.1388
No update
Iter: 000, Train Loss: 16.3130, Train RMSE: 26.2562, Train MAPE: 0.1364
Epoch: 162, Training Time: 169.6723 secs
Epoch: 162, Inference Time: 9.1611 secs
Epoch: 162, Train Loss: 16.6321, Train MAPE: 28.0605, Train RMSE: 0.1426
Epoch: 162, Valid Loss: 16.1097, Valid MAPE: 26.9866, Valid RMSE: 0.1305
###Update tasks appear###
Test MAE: 17.3984, Test RMSE: 30.3020, Test MAPE: 0.1396
Test low! Updating! Test Loss: 17.39842987060547, Test low! Updating! Valid Loss: 16.109704805457074, epoch:  162
Iter: 000, Train Loss: 16.8457, Train RMSE: 28.0703, Train MAPE: 0.1436
Epoch: 163, Training Time: 168.7794 secs
Epoch: 163, Inference Time: 9.3264 secs
Epoch: 163, Train Loss: 16.5573, Train MAPE: 27.8491, Train RMSE: 0.1429
Epoch: 163, Valid Loss: 16.4523, Valid MAPE: 27.6720, Valid RMSE: 0.1316
No update
Iter: 000, Train Loss: 15.7287, Train RMSE: 26.0128, Train MAPE: 0.1272
Epoch: 164, Training Time: 169.0830 secs
Epoch: 164, Inference Time: 9.3847 secs
Epoch: 164, Train Loss: 16.5967, Train MAPE: 27.9109, Train RMSE: 0.1429
Epoch: 164, Valid Loss: 17.1996, Valid MAPE: 28.7847, Valid RMSE: 0.1414
No update
Iter: 000, Train Loss: 15.7734, Train RMSE: 25.8593, Train MAPE: 0.1520
Epoch: 165, Training Time: 168.6575 secs
Epoch: 165, Inference Time: 9.3287 secs
Epoch: 165, Train Loss: 16.5370, Train MAPE: 27.6703, Train RMSE: 0.1422
Epoch: 165, Valid Loss: 16.3124, Valid MAPE: 27.2922, Valid RMSE: 0.1323
No update
Iter: 000, Train Loss: 14.4340, Train RMSE: 23.5685, Train MAPE: 0.1370
Epoch: 166, Training Time: 169.2629 secs
Epoch: 166, Inference Time: 8.8819 secs
Epoch: 166, Train Loss: 16.5749, Train MAPE: 27.8794, Train RMSE: 0.1426
Epoch: 166, Valid Loss: 16.3041, Valid MAPE: 27.5873, Valid RMSE: 0.1330
No update
Iter: 000, Train Loss: 16.5468, Train RMSE: 26.4763, Train MAPE: 0.1400
Epoch: 167, Training Time: 169.0612 secs
Epoch: 167, Inference Time: 9.2258 secs
Epoch: 167, Train Loss: 16.4981, Train MAPE: 27.6831, Train RMSE: 0.1430
Epoch: 167, Valid Loss: 16.4150, Valid MAPE: 27.3981, Valid RMSE: 0.1315
No update
Iter: 000, Train Loss: 16.3783, Train RMSE: 26.7530, Train MAPE: 0.1277
Epoch: 168, Training Time: 169.1357 secs
Epoch: 168, Inference Time: 9.3539 secs
Epoch: 168, Train Loss: 16.5322, Train MAPE: 27.7241, Train RMSE: 0.1426
Epoch: 168, Valid Loss: 16.4551, Valid MAPE: 27.7687, Valid RMSE: 0.1323
No update
Iter: 000, Train Loss: 15.5223, Train RMSE: 26.8113, Train MAPE: 0.1401
Epoch: 169, Training Time: 169.1292 secs
Epoch: 169, Inference Time: 8.0000 secs
Epoch: 169, Train Loss: 16.5481, Train MAPE: 27.7378, Train RMSE: 0.1418
Epoch: 169, Valid Loss: 16.5162, Valid MAPE: 27.7242, Valid RMSE: 0.1322
No update
Iter: 000, Train Loss: 16.0060, Train RMSE: 26.2318, Train MAPE: 0.1406
Epoch: 170, Training Time: 169.3527 secs
Epoch: 170, Inference Time: 9.3438 secs
Epoch: 170, Train Loss: 16.5758, Train MAPE: 27.8513, Train RMSE: 0.1432
Epoch: 170, Valid Loss: 16.4756, Valid MAPE: 27.7344, Valid RMSE: 0.1394
No update
Iter: 000, Train Loss: 16.1709, Train RMSE: 25.6500, Train MAPE: 0.1387
Epoch: 171, Training Time: 169.1189 secs
Epoch: 171, Inference Time: 9.4000 secs
Epoch: 171, Train Loss: 16.4980, Train MAPE: 27.6905, Train RMSE: 0.1421
Epoch: 171, Valid Loss: 16.2779, Valid MAPE: 27.2488, Valid RMSE: 0.1323
No update
Iter: 000, Train Loss: 15.1733, Train RMSE: 25.1684, Train MAPE: 0.1395
Epoch: 172, Training Time: 168.9785 secs
Epoch: 172, Inference Time: 9.3789 secs
Epoch: 172, Train Loss: 16.4193, Train MAPE: 27.4952, Train RMSE: 0.1419
Epoch: 172, Valid Loss: 16.3343, Valid MAPE: 27.2771, Valid RMSE: 0.1315
No update
Iter: 000, Train Loss: 15.7940, Train RMSE: 25.5330, Train MAPE: 0.1366
Epoch: 173, Training Time: 169.4359 secs
Epoch: 173, Inference Time: 9.2924 secs
Epoch: 173, Train Loss: 16.5071, Train MAPE: 27.6882, Train RMSE: 0.1426
Epoch: 173, Valid Loss: 17.3213, Valid MAPE: 29.6013, Valid RMSE: 0.1361
No update
Iter: 000, Train Loss: 15.5007, Train RMSE: 25.0118, Train MAPE: 0.1431
Epoch: 174, Training Time: 169.4955 secs
Epoch: 174, Inference Time: 9.3645 secs
Epoch: 174, Train Loss: 16.5247, Train MAPE: 27.7266, Train RMSE: 0.1425
Epoch: 174, Valid Loss: 16.3501, Valid MAPE: 27.3388, Valid RMSE: 0.1318
No update
Iter: 000, Train Loss: 15.2930, Train RMSE: 24.7757, Train MAPE: 0.1410
Epoch: 175, Training Time: 169.4464 secs
Epoch: 175, Inference Time: 9.3498 secs
Epoch: 175, Train Loss: 16.5194, Train MAPE: 27.6657, Train RMSE: 0.1438
Epoch: 175, Valid Loss: 16.1625, Valid MAPE: 27.2391, Valid RMSE: 0.1333
No update
Iter: 000, Train Loss: 14.9841, Train RMSE: 24.7191, Train MAPE: 0.1451
Epoch: 176, Training Time: 168.9430 secs
Epoch: 176, Inference Time: 9.3980 secs
Epoch: 176, Train Loss: 16.4333, Train MAPE: 27.5920, Train RMSE: 0.1414
Epoch: 176, Valid Loss: 16.5167, Valid MAPE: 27.7104, Valid RMSE: 0.1395
No update
Iter: 000, Train Loss: 13.7160, Train RMSE: 22.3958, Train MAPE: 0.1528
Epoch: 177, Training Time: 168.8921 secs
Epoch: 177, Inference Time: 9.2566 secs
Epoch: 177, Train Loss: 16.3957, Train MAPE: 27.5142, Train RMSE: 0.1404
Epoch: 177, Valid Loss: 16.1142, Valid MAPE: 26.8070, Valid RMSE: 0.1309
No update
Iter: 000, Train Loss: 16.8884, Train RMSE: 28.0753, Train MAPE: 0.1520
Epoch: 178, Training Time: 169.3008 secs
Epoch: 178, Inference Time: 9.3681 secs
Epoch: 178, Train Loss: 16.3726, Train MAPE: 27.4391, Train RMSE: 0.1411
Epoch: 178, Valid Loss: 16.1469, Valid MAPE: 26.6439, Valid RMSE: 0.1315
No update
Iter: 000, Train Loss: 15.4249, Train RMSE: 24.6002, Train MAPE: 0.1297
Epoch: 179, Training Time: 167.9183 secs
Epoch: 179, Inference Time: 9.3866 secs
Epoch: 179, Train Loss: 16.4495, Train MAPE: 27.5790, Train RMSE: 0.1410
Epoch: 179, Valid Loss: 16.7728, Valid MAPE: 27.8255, Valid RMSE: 0.1330
No update
Iter: 000, Train Loss: 19.2354, Train RMSE: 32.2053, Train MAPE: 0.1312
Epoch: 180, Training Time: 169.2426 secs
Epoch: 180, Inference Time: 9.2978 secs
Epoch: 180, Train Loss: 16.4220, Train MAPE: 27.5396, Train RMSE: 0.1412
Epoch: 180, Valid Loss: 16.5740, Valid MAPE: 28.0218, Valid RMSE: 0.1340
No update
Iter: 000, Train Loss: 17.2376, Train RMSE: 29.4137, Train MAPE: 0.1385
Epoch: 181, Training Time: 169.2719 secs
Epoch: 181, Inference Time: 8.7761 secs
Epoch: 181, Train Loss: 16.3989, Train MAPE: 27.4567, Train RMSE: 0.1416
Epoch: 181, Valid Loss: 16.4390, Valid MAPE: 27.5775, Valid RMSE: 0.1344
No update
Iter: 000, Train Loss: 16.0317, Train RMSE: 26.2832, Train MAPE: 0.1387
Epoch: 182, Training Time: 169.0243 secs
Epoch: 182, Inference Time: 9.3365 secs
Epoch: 182, Train Loss: 16.4045, Train MAPE: 27.5523, Train RMSE: 0.1410
Epoch: 182, Valid Loss: 16.3223, Valid MAPE: 27.2831, Valid RMSE: 0.1325
No update
Iter: 000, Train Loss: 15.7323, Train RMSE: 25.4023, Train MAPE: 0.1337
Epoch: 183, Training Time: 169.2042 secs
Epoch: 183, Inference Time: 9.4162 secs
Epoch: 183, Train Loss: 16.3617, Train MAPE: 27.3602, Train RMSE: 0.1431
Epoch: 183, Valid Loss: 16.0182, Valid MAPE: 26.6081, Valid RMSE: 0.1296
###Update tasks appear###
Test MAE: 17.3712, Test RMSE: 30.3619, Test MAPE: 0.1384
Test low! Updating! Test Loss: 17.371244430541992, Test low! Updating! Valid Loss: 16.018233630968176, epoch:  183
Iter: 000, Train Loss: 14.0218, Train RMSE: 22.9855, Train MAPE: 0.1468
Epoch: 184, Training Time: 168.8680 secs
Epoch: 184, Inference Time: 9.3852 secs
Epoch: 184, Train Loss: 16.3681, Train MAPE: 27.3997, Train RMSE: 0.1408
Epoch: 184, Valid Loss: 16.2473, Valid MAPE: 27.1476, Valid RMSE: 0.1326
No update
Iter: 000, Train Loss: 16.0947, Train RMSE: 26.0724, Train MAPE: 0.1307
Epoch: 185, Training Time: 169.0335 secs
Epoch: 185, Inference Time: 9.3952 secs
Epoch: 185, Train Loss: 16.3726, Train MAPE: 27.4616, Train RMSE: 0.1410
Epoch: 185, Valid Loss: 16.6611, Valid MAPE: 27.5850, Valid RMSE: 0.1317
No update
Iter: 000, Train Loss: 15.8250, Train RMSE: 26.9119, Train MAPE: 0.1358
Epoch: 186, Training Time: 169.7681 secs
Epoch: 186, Inference Time: 9.0060 secs
Epoch: 186, Train Loss: 16.3509, Train MAPE: 27.3369, Train RMSE: 0.1410
Epoch: 186, Valid Loss: 15.8624, Valid MAPE: 26.4554, Valid RMSE: 0.1300
###Update tasks appear###
Test MAE: 17.0327, Test RMSE: 29.7234, Test MAPE: 0.1383
Test low! Updating! Test Loss: 17.032730102539062, Test low! Updating! Valid Loss: 15.862399640290633, epoch:  186
Iter: 000, Train Loss: 15.9491, Train RMSE: 26.0492, Train MAPE: 0.1376
Epoch: 187, Training Time: 169.3808 secs
Epoch: 187, Inference Time: 9.3469 secs
Epoch: 187, Train Loss: 16.3489, Train MAPE: 27.4551, Train RMSE: 0.1399
Epoch: 187, Valid Loss: 16.1430, Valid MAPE: 27.0100, Valid RMSE: 0.1313
No update
Iter: 000, Train Loss: 16.7286, Train RMSE: 27.5853, Train MAPE: 0.1286
Epoch: 188, Training Time: 169.1187 secs
Epoch: 188, Inference Time: 9.3253 secs
Epoch: 188, Train Loss: 16.3118, Train MAPE: 27.3942, Train RMSE: 0.1403
Epoch: 188, Valid Loss: 16.3543, Valid MAPE: 27.0163, Valid RMSE: 0.1365
No update
Iter: 000, Train Loss: 15.5476, Train RMSE: 25.3395, Train MAPE: 0.1332
Epoch: 189, Training Time: 167.8996 secs
Epoch: 189, Inference Time: 9.3564 secs
Epoch: 189, Train Loss: 16.2753, Train MAPE: 27.2089, Train RMSE: 0.1404
Epoch: 189, Valid Loss: 16.2625, Valid MAPE: 27.3784, Valid RMSE: 0.1300
No update
Iter: 000, Train Loss: 15.3116, Train RMSE: 24.8800, Train MAPE: 0.1243
Epoch: 190, Training Time: 169.1864 secs
Epoch: 190, Inference Time: 8.9106 secs
Epoch: 190, Train Loss: 16.3136, Train MAPE: 27.3217, Train RMSE: 0.1409
Epoch: 190, Valid Loss: 16.2637, Valid MAPE: 27.3239, Valid RMSE: 0.1330
No update
Iter: 000, Train Loss: 14.5689, Train RMSE: 24.0656, Train MAPE: 0.1437
Epoch: 191, Training Time: 168.9401 secs
Epoch: 191, Inference Time: 9.3487 secs
Epoch: 191, Train Loss: 16.2741, Train MAPE: 27.2249, Train RMSE: 0.1404
Epoch: 191, Valid Loss: 16.2196, Valid MAPE: 27.1760, Valid RMSE: 0.1319
No update
Iter: 000, Train Loss: 16.3112, Train RMSE: 27.8993, Train MAPE: 0.1262
Epoch: 192, Training Time: 169.2548 secs
Epoch: 192, Inference Time: 9.2514 secs
Epoch: 192, Train Loss: 16.2872, Train MAPE: 27.3452, Train RMSE: 0.1407
Epoch: 192, Valid Loss: 16.1428, Valid MAPE: 26.9941, Valid RMSE: 0.1319
No update
Iter: 000, Train Loss: 17.5713, Train RMSE: 30.9319, Train MAPE: 0.1394
Epoch: 193, Training Time: 167.9745 secs
Epoch: 193, Inference Time: 8.9242 secs
Epoch: 193, Train Loss: 16.2771, Train MAPE: 27.2340, Train RMSE: 0.1407
Epoch: 193, Valid Loss: 16.0222, Valid MAPE: 26.4759, Valid RMSE: 0.1338
No update
Iter: 000, Train Loss: 16.6446, Train RMSE: 27.4869, Train MAPE: 0.1392
Epoch: 194, Training Time: 169.5385 secs
Epoch: 194, Inference Time: 9.3000 secs
Epoch: 194, Train Loss: 16.2290, Train MAPE: 27.1605, Train RMSE: 0.1401
Epoch: 194, Valid Loss: 16.1940, Valid MAPE: 26.6694, Valid RMSE: 0.1331
No update
Iter: 000, Train Loss: 16.2892, Train RMSE: 26.0121, Train MAPE: 0.1520
Epoch: 195, Training Time: 169.0978 secs
Epoch: 195, Inference Time: 9.3307 secs
Epoch: 195, Train Loss: 16.3377, Train MAPE: 27.3583, Train RMSE: 0.1407
Epoch: 195, Valid Loss: 16.0180, Valid MAPE: 26.5643, Valid RMSE: 0.1303
No update
Iter: 000, Train Loss: 16.0423, Train RMSE: 27.1372, Train MAPE: 0.1332
Epoch: 196, Training Time: 169.8685 secs
Epoch: 196, Inference Time: 9.2616 secs
Epoch: 196, Train Loss: 16.2260, Train MAPE: 27.1084, Train RMSE: 0.1399
Epoch: 196, Valid Loss: 15.8991, Valid MAPE: 26.2018, Valid RMSE: 0.1304
No update
Iter: 000, Train Loss: 16.8242, Train RMSE: 28.7424, Train MAPE: 0.1343
Epoch: 197, Training Time: 169.8880 secs
Epoch: 197, Inference Time: 9.3769 secs
Epoch: 197, Train Loss: 16.1959, Train MAPE: 27.1669, Train RMSE: 0.1403
Epoch: 197, Valid Loss: 16.0274, Valid MAPE: 26.2398, Valid RMSE: 0.1303
No update
Iter: 000, Train Loss: 11.8889, Train RMSE: 18.5923, Train MAPE: 0.1577
Epoch: 198, Training Time: 168.3548 secs
Epoch: 198, Inference Time: 9.1565 secs
Epoch: 198, Train Loss: 16.2827, Train MAPE: 27.1638, Train RMSE: 0.1407
Epoch: 198, Valid Loss: 16.8201, Valid MAPE: 28.3907, Valid RMSE: 0.1324
No update
Iter: 000, Train Loss: 16.4681, Train RMSE: 28.5939, Train MAPE: 0.1342
Epoch: 199, Training Time: 169.2465 secs
Epoch: 199, Inference Time: 9.3714 secs
Epoch: 199, Train Loss: 16.2376, Train MAPE: 27.1840, Train RMSE: 0.1399
Epoch: 199, Valid Loss: 16.1545, Valid MAPE: 26.7734, Valid RMSE: 0.1303
No update
Iter: 000, Train Loss: 15.6420, Train RMSE: 25.0969, Train MAPE: 0.1358
Epoch: 200, Training Time: 169.4854 secs
Epoch: 200, Inference Time: 9.2724 secs
Epoch: 200, Train Loss: 16.2426, Train MAPE: 27.1531, Train RMSE: 0.1408
Epoch: 200, Valid Loss: 16.2275, Valid MAPE: 26.6293, Valid RMSE: 0.1336
No update
Iter: 000, Train Loss: 18.2004, Train RMSE: 29.3261, Train MAPE: 0.1285
Epoch: 201, Training Time: 169.3626 secs
Epoch: 201, Inference Time: 9.2923 secs
Epoch: 201, Train Loss: 16.1243, Train MAPE: 26.9800, Train RMSE: 0.1394
Epoch: 201, Valid Loss: 16.0007, Valid MAPE: 26.4683, Valid RMSE: 0.1296
No update
Iter: 000, Train Loss: 18.4453, Train RMSE: 30.6299, Train MAPE: 0.1545
Epoch: 202, Training Time: 169.1614 secs
Epoch: 202, Inference Time: 9.3761 secs
Epoch: 202, Train Loss: 16.0685, Train MAPE: 26.8578, Train RMSE: 0.1392
Epoch: 202, Valid Loss: 16.5306, Valid MAPE: 27.5724, Valid RMSE: 0.1372
No update
Iter: 000, Train Loss: 15.9100, Train RMSE: 27.0958, Train MAPE: 0.1418
Epoch: 203, Training Time: 169.5590 secs
Epoch: 203, Inference Time: 9.3412 secs
Epoch: 203, Train Loss: 16.1707, Train MAPE: 27.0629, Train RMSE: 0.1395
Epoch: 203, Valid Loss: 16.6442, Valid MAPE: 27.5662, Valid RMSE: 0.1354
No update
Iter: 000, Train Loss: 17.0754, Train RMSE: 28.9445, Train MAPE: 0.1409
Epoch: 204, Training Time: 169.1017 secs
Epoch: 204, Inference Time: 9.2938 secs
Epoch: 204, Train Loss: 16.2092, Train MAPE: 27.0749, Train RMSE: 0.1402
Epoch: 204, Valid Loss: 16.0448, Valid MAPE: 26.7655, Valid RMSE: 0.1304
No update
Iter: 000, Train Loss: 14.7106, Train RMSE: 23.6237, Train MAPE: 0.1338
Epoch: 205, Training Time: 169.1882 secs
Epoch: 205, Inference Time: 8.8453 secs
Epoch: 205, Train Loss: 16.1528, Train MAPE: 26.9787, Train RMSE: 0.1397
Epoch: 205, Valid Loss: 16.1268, Valid MAPE: 26.8519, Valid RMSE: 0.1327
No update
Iter: 000, Train Loss: 14.5287, Train RMSE: 24.4782, Train MAPE: 0.1342
Epoch: 206, Training Time: 168.7857 secs
Epoch: 206, Inference Time: 8.5969 secs
Epoch: 206, Train Loss: 16.1608, Train MAPE: 27.0130, Train RMSE: 0.1387
Epoch: 206, Valid Loss: 15.7908, Valid MAPE: 25.7603, Valid RMSE: 0.1322
###Update tasks appear###
Test MAE: 17.3541, Test RMSE: 30.6409, Test MAPE: 0.1423
No update
Iter: 000, Train Loss: 15.9536, Train RMSE: 26.6303, Train MAPE: 0.1287
Epoch: 207, Training Time: 169.0390 secs
Epoch: 207, Inference Time: 9.3335 secs
Epoch: 207, Train Loss: 16.1597, Train MAPE: 27.0992, Train RMSE: 0.1406
Epoch: 207, Valid Loss: 16.0873, Valid MAPE: 26.5700, Valid RMSE: 0.1300
No update
Iter: 000, Train Loss: 14.8659, Train RMSE: 23.7540, Train MAPE: 0.1311
Epoch: 208, Training Time: 168.9880 secs
Epoch: 208, Inference Time: 9.2908 secs
Epoch: 208, Train Loss: 16.1243, Train MAPE: 26.9287, Train RMSE: 0.1401
Epoch: 208, Valid Loss: 15.8544, Valid MAPE: 25.8775, Valid RMSE: 0.1303
###Update tasks appear###
Test MAE: 17.3322, Test RMSE: 30.2159, Test MAPE: 0.1401
No update
Iter: 000, Train Loss: 15.4172, Train RMSE: 25.2277, Train MAPE: 0.1345
Epoch: 209, Training Time: 169.4162 secs
Epoch: 209, Inference Time: 9.3857 secs
Epoch: 209, Train Loss: 16.0522, Train MAPE: 26.7972, Train RMSE: 0.1391
Epoch: 209, Valid Loss: 16.7457, Valid MAPE: 28.1318, Valid RMSE: 0.1339
No update
Iter: 000, Train Loss: 15.8907, Train RMSE: 25.8385, Train MAPE: 0.1447
Epoch: 210, Training Time: 169.3361 secs
Epoch: 210, Inference Time: 9.3460 secs
Epoch: 210, Train Loss: 16.0769, Train MAPE: 26.8304, Train RMSE: 0.1394
Epoch: 210, Valid Loss: 16.2219, Valid MAPE: 27.0973, Valid RMSE: 0.1301
No update
Iter: 000, Train Loss: 15.3274, Train RMSE: 24.4842, Train MAPE: 0.1327
Epoch: 211, Training Time: 168.9297 secs
Epoch: 211, Inference Time: 8.9988 secs
Epoch: 211, Train Loss: 16.1156, Train MAPE: 26.9025, Train RMSE: 0.1399
Epoch: 211, Valid Loss: 15.9654, Valid MAPE: 26.3644, Valid RMSE: 0.1291
No update
Iter: 000, Train Loss: 15.5649, Train RMSE: 25.4245, Train MAPE: 0.1307
Epoch: 212, Training Time: 169.0951 secs
Epoch: 212, Inference Time: 9.2397 secs
Epoch: 212, Train Loss: 16.1541, Train MAPE: 26.9492, Train RMSE: 0.1403
Epoch: 212, Valid Loss: 16.6902, Valid MAPE: 28.1070, Valid RMSE: 0.1364
No update
Iter: 000, Train Loss: 14.7832, Train RMSE: 23.4879, Train MAPE: 0.1457
Epoch: 213, Training Time: 168.6927 secs
Epoch: 213, Inference Time: 9.3216 secs
Epoch: 213, Train Loss: 16.1635, Train MAPE: 27.0908, Train RMSE: 0.1395
Epoch: 213, Valid Loss: 16.4566, Valid MAPE: 27.6869, Valid RMSE: 0.1312
No update
Iter: 000, Train Loss: 16.3534, Train RMSE: 27.4458, Train MAPE: 0.1339
Epoch: 214, Training Time: 169.6076 secs
Epoch: 214, Inference Time: 9.3561 secs
Epoch: 214, Train Loss: 16.1123, Train MAPE: 26.9839, Train RMSE: 0.1382
Epoch: 214, Valid Loss: 16.0707, Valid MAPE: 26.8064, Valid RMSE: 0.1313
No update
Iter: 000, Train Loss: 15.9724, Train RMSE: 26.0724, Train MAPE: 0.1280
Epoch: 215, Training Time: 169.4205 secs
Epoch: 215, Inference Time: 9.3347 secs
Epoch: 215, Train Loss: 16.0595, Train MAPE: 26.8233, Train RMSE: 0.1387
Epoch: 215, Valid Loss: 16.1533, Valid MAPE: 26.9291, Valid RMSE: 0.1373
No update
Iter: 000, Train Loss: 14.9079, Train RMSE: 23.7883, Train MAPE: 0.1299
Epoch: 216, Training Time: 169.1890 secs
Epoch: 216, Inference Time: 9.3668 secs
Epoch: 216, Train Loss: 16.1403, Train MAPE: 27.0849, Train RMSE: 0.1392
Epoch: 216, Valid Loss: 16.0223, Valid MAPE: 26.4571, Valid RMSE: 0.1299
No update
Iter: 000, Train Loss: 18.0636, Train RMSE: 29.5293, Train MAPE: 0.1455
Epoch: 217, Training Time: 169.2759 secs
Epoch: 217, Inference Time: 9.3160 secs
Epoch: 217, Train Loss: 16.0436, Train MAPE: 26.7463, Train RMSE: 0.1380
Epoch: 217, Valid Loss: 16.3477, Valid MAPE: 27.6577, Valid RMSE: 0.1312
No update
Iter: 000, Train Loss: 16.0389, Train RMSE: 26.3076, Train MAPE: 0.1389
Epoch: 218, Training Time: 169.3352 secs
Epoch: 218, Inference Time: 9.3436 secs
Epoch: 218, Train Loss: 16.0539, Train MAPE: 26.8478, Train RMSE: 0.1378
Epoch: 218, Valid Loss: 16.0123, Valid MAPE: 26.0963, Valid RMSE: 0.1415
No update
Iter: 000, Train Loss: 14.8376, Train RMSE: 24.1987, Train MAPE: 0.1458
Epoch: 219, Training Time: 168.7186 secs
Epoch: 219, Inference Time: 8.4631 secs
Epoch: 219, Train Loss: 16.0991, Train MAPE: 26.9796, Train RMSE: 0.1389
Epoch: 219, Valid Loss: 16.0542, Valid MAPE: 26.4908, Valid RMSE: 0.1311
No update
Iter: 000, Train Loss: 14.5223, Train RMSE: 23.7459, Train MAPE: 0.1343
Epoch: 220, Training Time: 167.5451 secs
Epoch: 220, Inference Time: 9.3644 secs
Epoch: 220, Train Loss: 16.1170, Train MAPE: 26.9261, Train RMSE: 0.1387
Epoch: 220, Valid Loss: 16.0223, Valid MAPE: 26.1468, Valid RMSE: 0.1299
No update
Iter: 000, Train Loss: 14.8613, Train RMSE: 24.6802, Train MAPE: 0.1402
Epoch: 221, Training Time: 168.7873 secs
Epoch: 221, Inference Time: 9.3565 secs
Epoch: 221, Train Loss: 16.0241, Train MAPE: 26.8327, Train RMSE: 0.1387
Epoch: 221, Valid Loss: 15.8156, Valid MAPE: 26.2770, Valid RMSE: 0.1304
###Update tasks appear###
Test MAE: 17.0970, Test RMSE: 29.8613, Test MAPE: 0.1397
No update
Iter: 000, Train Loss: 14.4745, Train RMSE: 24.9256, Train MAPE: 0.1389
Epoch: 222, Training Time: 169.0915 secs
Epoch: 222, Inference Time: 9.3472 secs
Epoch: 222, Train Loss: 16.0460, Train MAPE: 26.8075, Train RMSE: 0.1379
Epoch: 222, Valid Loss: 15.9665, Valid MAPE: 26.5010, Valid RMSE: 0.1288
No update
Iter: 000, Train Loss: 15.7116, Train RMSE: 27.0513, Train MAPE: 0.1271
Epoch: 223, Training Time: 169.2272 secs
Epoch: 223, Inference Time: 9.3087 secs
Epoch: 223, Train Loss: 15.9402, Train MAPE: 26.6031, Train RMSE: 0.1374
Epoch: 223, Valid Loss: 15.8402, Valid MAPE: 26.0899, Valid RMSE: 0.1283
###Update tasks appear###
Test MAE: 17.2315, Test RMSE: 30.0675, Test MAPE: 0.1377
No update
Iter: 000, Train Loss: 14.3940, Train RMSE: 24.1722, Train MAPE: 0.1365
Epoch: 224, Training Time: 169.0816 secs
Epoch: 224, Inference Time: 9.3362 secs
Epoch: 224, Train Loss: 15.9625, Train MAPE: 26.6218, Train RMSE: 0.1374
Epoch: 224, Valid Loss: 16.3542, Valid MAPE: 27.2861, Valid RMSE: 0.1300
No update
Iter: 000, Train Loss: 12.6554, Train RMSE: 21.1884, Train MAPE: 0.1541
Epoch: 225, Training Time: 169.3404 secs
Epoch: 225, Inference Time: 9.0558 secs
Epoch: 225, Train Loss: 15.9876, Train MAPE: 26.6770, Train RMSE: 0.1382
Epoch: 225, Valid Loss: 15.9655, Valid MAPE: 26.5370, Valid RMSE: 0.1285
No update
Iter: 000, Train Loss: 15.2262, Train RMSE: 24.6256, Train MAPE: 0.1358
Epoch: 226, Training Time: 168.8386 secs
Epoch: 226, Inference Time: 9.3154 secs
Epoch: 226, Train Loss: 16.0685, Train MAPE: 26.8808, Train RMSE: 0.1388
Epoch: 226, Valid Loss: 15.8353, Valid MAPE: 26.2077, Valid RMSE: 0.1278
###Update tasks appear###
Test MAE: 17.2135, Test RMSE: 30.0565, Test MAPE: 0.1367
No update
Iter: 000, Train Loss: 16.3847, Train RMSE: 28.3059, Train MAPE: 0.1285
Epoch: 227, Training Time: 168.8314 secs
Epoch: 227, Inference Time: 9.3539 secs
Epoch: 227, Train Loss: 15.9337, Train MAPE: 26.5528, Train RMSE: 0.1378
Epoch: 227, Valid Loss: 16.0944, Valid MAPE: 26.3540, Valid RMSE: 0.1300
No update
Iter: 000, Train Loss: 16.1134, Train RMSE: 26.6118, Train MAPE: 0.1332
Epoch: 228, Training Time: 169.3714 secs
Epoch: 228, Inference Time: 9.3522 secs
Epoch: 228, Train Loss: 15.9634, Train MAPE: 26.6692, Train RMSE: 0.1377
Epoch: 228, Valid Loss: 16.0147, Valid MAPE: 26.5335, Valid RMSE: 0.1288
No update
Iter: 000, Train Loss: 14.5226, Train RMSE: 23.8582, Train MAPE: 0.1413
Epoch: 229, Training Time: 168.9948 secs
Epoch: 229, Inference Time: 8.9562 secs
Epoch: 229, Train Loss: 15.9536, Train MAPE: 26.7035, Train RMSE: 0.1379
Epoch: 229, Valid Loss: 15.9375, Valid MAPE: 26.7306, Valid RMSE: 0.1290
No update
Iter: 000, Train Loss: 14.0097, Train RMSE: 22.2733, Train MAPE: 0.1390
Epoch: 230, Training Time: 169.2582 secs
Epoch: 230, Inference Time: 9.2552 secs
Epoch: 230, Train Loss: 15.9373, Train MAPE: 26.6333, Train RMSE: 0.1371
Epoch: 230, Valid Loss: 15.9740, Valid MAPE: 26.1682, Valid RMSE: 0.1300
No update
Iter: 000, Train Loss: 15.3353, Train RMSE: 24.5117, Train MAPE: 0.1322
Epoch: 231, Training Time: 169.5987 secs
Epoch: 231, Inference Time: 9.3793 secs
Epoch: 231, Train Loss: 15.8875, Train MAPE: 26.4317, Train RMSE: 0.1371
Epoch: 231, Valid Loss: 15.7239, Valid MAPE: 25.6224, Valid RMSE: 0.1294
###Update tasks appear###
Test MAE: 17.2714, Test RMSE: 30.0594, Test MAPE: 0.1393
No update
Iter: 000, Train Loss: 15.2845, Train RMSE: 24.7019, Train MAPE: 0.1320
Epoch: 232, Training Time: 169.5197 secs
Epoch: 232, Inference Time: 9.1974 secs
Epoch: 232, Train Loss: 15.9694, Train MAPE: 26.6168, Train RMSE: 0.1387
Epoch: 232, Valid Loss: 16.1993, Valid MAPE: 26.9356, Valid RMSE: 0.1302
No update
Iter: 000, Train Loss: 15.8114, Train RMSE: 25.1793, Train MAPE: 0.1287
